       Step     Time          Energy          fmax
LBFGS:    0 18:58:36      -35.422048        0.490242
LBFGS:    1 18:58:36      -35.436110        0.456296
LBFGS:    2 18:58:37      -35.547505        0.448558
LBFGS:    3 18:58:38      -35.558483        0.393609
LBFGS:    4 18:58:38      -35.612717        0.130337
LBFGS:    5 18:58:39      -35.635377        0.099961
LBFGS:    6 18:58:40      -35.639806        0.041086
LBFGS:    7 18:58:40      -35.640289        0.015929
LBFGS:    8 18:58:41      -35.640322        0.014955
LBFGS:    9 18:58:42      -35.640359        0.015842
LBFGS:   10 18:58:43      -35.640496        0.021630
LBFGS:   11 18:58:43      -35.640826        0.034926
LBFGS:   12 18:58:44      -35.641559        0.060383
LBFGS:   13 18:58:45      -35.642368        0.068901
LBFGS:   14 18:58:45      -35.643798        0.045017
LBFGS:   15 18:58:46      -35.644553        0.014764
LBFGS:   16 18:58:47      -35.644606        0.016635
LBFGS:   17 18:58:47      -35.644637        0.017323
LBFGS:   18 18:58:48      -35.644944        0.022376
LBFGS:   19 18:58:49      -35.645507        0.028688
LBFGS:   20 18:58:49      -35.647057        0.054469
LBFGS:   21 18:58:50      -35.650289        0.089036
LBFGS:   22 18:58:51      -35.657188        0.125291
LBFGS:   23 18:58:51      -35.668427        0.110702
LBFGS:   24 18:58:52      -35.686941        0.153040
LBFGS:   25 18:58:53      -35.659658        0.134732
LBFGS:   26 18:58:53      -35.689032        0.141379
LBFGS:   27 18:58:54      -35.668241        0.105240
LBFGS:   28 18:58:55      -35.653159        0.098972
LBFGS:   29 18:58:55      -35.670758        0.079686
LBFGS:   30 18:58:56      -35.681140        0.087193
LBFGS:   31 18:58:57      -35.666534        0.070834
LBFGS:   32 18:58:57      -35.639047        0.140689
LBFGS:   33 18:58:58      -35.667486        0.057212
LBFGS:   34 18:58:59      -35.672396        0.039706
LBFGS:   35 18:59:00      -35.693243        0.072158
LBFGS:   36 18:59:00      -35.672626        0.035494
LBFGS:   37 18:59:01      -35.663514        0.061382
LBFGS:   38 18:59:02      -35.677166        0.042346
LBFGS:   39 18:59:02      -35.701884        0.112844
LBFGS:   40 18:59:03      -35.676681        0.048575
LBFGS:   41 18:59:04      -35.663145        0.067751
LBFGS:   42 18:59:04      -35.677606        0.055175
LBFGS:   43 18:59:05      -35.703240        0.124085
LBFGS:   44 18:59:06      -35.677036        0.060110
LBFGS:   45 18:59:06      -35.661399        0.078874
LBFGS:   46 18:59:07      -35.676669        0.062625
LBFGS:   47 18:59:08      -35.702478        0.126349
LBFGS:   48 18:59:08      -35.676403        0.064606
LBFGS:   49 18:59:09      -35.660695        0.083351
LBFGS:   50 18:59:10      -35.676263        0.065688
LBFGS:   51 18:59:10      -35.702200        0.127281
LBFGS:   52 18:59:11      -35.676163        0.066497
LBFGS:   53 18:59:12      -35.660440        0.085082
LBFGS:   54 18:59:12      -35.676112        0.067049
LBFGS:   55 18:59:13      -35.702109        0.127819
LBFGS:   56 18:59:14      -35.676077        0.067373
LBFGS:   57 18:59:14      -35.660362        0.085699
LBFGS:   58 18:59:15      -35.676061        0.067674
LBFGS:   59 18:59:16      -35.702067        0.128164
LBFGS:   60 18:59:16      -35.676050        0.067809
LBFGS:   61 18:59:17      -35.660337        0.085911
LBFGS:   62 18:59:18      -35.676041        0.067981
LBFGS:   63 18:59:19      -35.702044        0.128385
LBFGS:   64 18:59:19      -35.676039        0.068041
LBFGS:   65 18:59:20      -35.660329        0.085983
LBFGS:   66 18:59:21      -35.676032        0.068138
LBFGS:   67 18:59:21      -35.702034        0.128513
LBFGS:   68 18:59:22      -35.676035        0.068167
LBFGS:   69 18:59:23      -35.660329        0.086007
LBFGS:   70 18:59:23      -35.676034        0.068221
LBFGS:   71 18:59:24      -35.702026        0.128588
LBFGS:   72 18:59:25      -35.676033        0.068237
LBFGS:   73 18:59:25      -35.660329        0.086019
LBFGS:   74 18:59:26      -35.676028        0.068267
LBFGS:   75 18:59:27      -35.702024        0.128632
LBFGS:   76 18:59:27      -35.676028        0.068277
LBFGS:   77 18:59:28      -35.660329        0.086026
LBFGS:   78 18:59:29      -35.676027        0.068294
LBFGS:   79 18:59:29      -35.702019        0.128656
LBFGS:   80 18:59:30      -35.676027        0.068296
LBFGS:   81 18:59:31      -35.660329        0.086025
LBFGS:   82 18:59:31      -35.676027        0.068305
LBFGS:   83 18:59:32      -35.702018        0.128668
LBFGS:   84 18:59:33      -35.676027        0.068309
LBFGS:   85 18:59:33      -35.660325        0.086027
LBFGS:   86 18:59:34      -35.676027        0.068313
LBFGS:   87 18:59:35      -35.702018        0.128675
LBFGS:   88 18:59:36      -35.676027        0.068314
LBFGS:   89 18:59:36      -35.660329        0.086029
LBFGS:   90 18:59:37      -35.676027        0.068318
LBFGS:   91 18:59:38      -35.702017        0.128679
LBFGS:   92 18:59:38      -35.676027        0.068319
LBFGS:   93 18:59:39      -35.660325        0.086028
LBFGS:   94 18:59:40      -35.676027        0.068317
LBFGS:   95 18:59:40      -35.702017        0.128680
LBFGS:   96 18:59:41      -35.676027        0.068319
LBFGS:   97 18:59:42      -35.660329        0.086027
LBFGS:   98 18:59:42      -35.676027        0.068319
LBFGS:   99 18:59:43      -35.702017        0.128683
LBFGS:  100 18:59:44      -35.676027        0.068320
LBFGS:  101 18:59:44      -35.660329        0.086028
LBFGS:  102 18:59:45      -35.676027        0.068320
LBFGS:  103 18:59:46      -35.702017        0.128682
LBFGS:  104 18:59:46      -35.676027        0.068320
LBFGS:  105 18:59:47      -35.660325        0.086028
LBFGS:  106 18:59:48      -35.676027        0.068320
LBFGS:  107 18:59:48      -35.702017        0.128682
LBFGS:  108 18:59:49      -35.676027        0.068320
LBFGS:  109 18:59:50      -35.660329        0.086028
LBFGS:  110 18:59:50      -35.676027        0.068320
LBFGS:  111 18:59:51      -35.702017        0.128683
LBFGS:  112 18:59:52      -35.676027        0.068321
LBFGS:  113 18:59:53      -35.660329        0.086028
LBFGS:  114 18:59:53      -35.676027        0.068321
LBFGS:  115 18:59:54      -35.702017        0.128683
LBFGS:  116 18:59:55      -35.676027        0.068320
LBFGS:  117 18:59:55      -35.660325        0.086028
LBFGS:  118 18:59:56      -35.676027        0.068321
LBFGS:  119 18:59:57      -35.702017        0.128682
LBFGS:  120 18:59:57      -35.676027        0.068321
LBFGS:  121 18:59:58      -35.660329        0.086029
LBFGS:  122 18:59:59      -35.676027        0.068321
LBFGS:  123 18:59:59      -35.702017        0.128682
LBFGS:  124 19:00:00      -35.676027        0.068320
LBFGS:  125 19:00:01      -35.660329        0.086029
LBFGS:  126 19:00:01      -35.676027        0.068322
LBFGS:  127 19:00:02      -35.702017        0.128687
LBFGS:  128 19:00:03      -35.676027        0.068324
LBFGS:  129 19:00:03      -35.660329        0.086029
LBFGS:  130 19:00:04      -35.676027        0.068322
LBFGS:  131 19:00:05      -35.702017        0.128686
LBFGS:  132 19:00:05      -35.676027        0.068322
LBFGS:  133 19:00:06      -35.660325        0.086029
LBFGS:  134 19:00:07      -35.676030        0.068322
LBFGS:  135 19:00:07      -35.702017        0.128685
LBFGS:  136 19:00:08      -35.676030        0.068322
LBFGS:  137 19:00:09      -35.660325        0.086029
LBFGS:  138 19:00:09      -35.676030        0.068322
LBFGS:  139 19:00:10      -35.702017        0.128684
LBFGS:  140 19:00:11      -35.676027        0.068322
LBFGS:  141 19:00:12      -35.660325        0.086029
LBFGS:  142 19:00:12      -35.676027        0.068322
LBFGS:  143 19:00:13      -35.702017        0.128684
LBFGS:  144 19:00:14      -35.676027        0.068322
LBFGS:  145 19:00:14      -35.660325        0.086029
LBFGS:  146 19:00:15      -35.676027        0.068322
LBFGS:  147 19:00:16      -35.702017        0.128684
LBFGS:  148 19:00:16      -35.676027        0.068322
LBFGS:  149 19:00:17      -35.660329        0.086029
LBFGS:  150 19:00:18      -35.676027        0.068322
LBFGS:  151 19:00:18      -35.702017        0.128684
LBFGS:  152 19:00:19      -35.676027        0.068322
LBFGS:  153 19:00:20      -35.660329        0.086029
LBFGS:  154 19:00:20      -35.676027        0.068322
LBFGS:  155 19:00:21      -35.702017        0.128685
LBFGS:  156 19:00:22      -35.676027        0.068322
LBFGS:  157 19:00:22      -35.660329        0.086030
LBFGS:  158 19:00:23      -35.676027        0.068322
LBFGS:  159 19:00:24      -35.702017        0.128684
LBFGS:  160 19:00:24      -35.676027        0.068322
LBFGS:  161 19:00:25      -35.660325        0.086030
LBFGS:  162 19:00:26      -35.676027        0.068322
LBFGS:  163 19:00:27      -35.702017        0.128684
LBFGS:  164 19:00:27      -35.676027        0.068322
LBFGS:  165 19:00:28      -35.660325        0.086029
LBFGS:  166 19:00:29      -35.676027        0.068322
LBFGS:  167 19:00:29      -35.702017        0.128684
LBFGS:  168 19:00:30      -35.676027        0.068322
LBFGS:  169 19:00:31      -35.660325        0.086029
LBFGS:  170 19:00:31      -35.676027        0.068322
LBFGS:  171 19:00:32      -35.702017        0.128684
LBFGS:  172 19:00:33      -35.676027        0.068322
LBFGS:  173 19:00:33      -35.660325        0.086028
LBFGS:  174 19:00:34      -35.676027        0.068321
LBFGS:  175 19:00:35      -35.702017        0.128684
LBFGS:  176 19:00:35      -35.676030        0.068322
LBFGS:  177 19:00:36      -35.660325        0.086029
LBFGS:  178 19:00:37      -35.676027        0.068322
LBFGS:  179 19:00:37      -35.702017        0.128684
LBFGS:  180 19:00:38      -35.676027        0.068322
LBFGS:  181 19:00:39      -35.660325        0.086029
LBFGS:  182 19:00:39      -35.676027        0.068322
LBFGS:  183 19:00:40      -35.702017        0.128684
LBFGS:  184 19:00:41      -35.676030        0.068322
LBFGS:  185 19:00:42      -35.660325        0.086029
LBFGS:  186 19:00:42      -35.676030        0.068322
LBFGS:  187 19:00:43      -35.702017        0.128684
LBFGS:  188 19:00:44      -35.676030        0.068322
LBFGS:  189 19:00:44      -35.660325        0.086029
LBFGS:  190 19:00:45      -35.676027        0.068321
LBFGS:  191 19:00:46      -35.702017        0.128683
LBFGS:  192 19:00:46      -35.676027        0.068321
LBFGS:  193 19:00:47      -35.660325        0.086029
LBFGS:  194 19:00:48      -35.676027        0.068321
LBFGS:  195 19:00:48      -35.702017        0.128683
LBFGS:  196 19:00:49      -35.676027        0.068321
LBFGS:  197 19:00:50      -35.660325        0.086029
LBFGS:  198 19:00:50      -35.676027        0.068321
LBFGS:  199 19:00:51      -35.702017        0.128683
LBFGS:  200 19:00:52      -35.676027        0.068322
LBFGS:  201 19:00:53      -35.660325        0.086029
LBFGS:  202 19:00:53      -35.676027        0.068321
LBFGS:  203 19:00:54      -35.702017        0.128683
LBFGS:  204 19:00:55      -35.676027        0.068322
LBFGS:  205 19:00:55      -35.660325        0.086029
LBFGS:  206 19:00:56      -35.676027        0.068321
LBFGS:  207 19:00:57      -35.702017        0.128683
LBFGS:  208 19:00:57      -35.676027        0.068321
LBFGS:  209 19:00:58      -35.660325        0.086029
LBFGS:  210 19:00:59      -35.676027        0.068321
LBFGS:  211 19:00:59      -35.702017        0.128683
LBFGS:  212 19:01:00      -35.676027        0.068321
LBFGS:  213 19:01:01      -35.660325        0.086029
LBFGS:  214 19:01:01      -35.676027        0.068321
LBFGS:  215 19:01:02      -35.702017        0.128683
LBFGS:  216 19:01:03      -35.676027        0.068321
LBFGS:  217 19:01:03      -35.660325        0.086029
LBFGS:  218 19:01:04      -35.676027        0.068321
LBFGS:  219 19:01:05      -35.702017        0.128683
LBFGS:  220 19:01:06      -35.676027        0.068321
LBFGS:  221 19:01:06      -35.660325        0.086029
LBFGS:  222 19:01:07      -35.676027        0.068321
LBFGS:  223 19:01:08      -35.702017        0.128683
LBFGS:  224 19:01:08      -35.676027        0.068321
LBFGS:  225 19:01:09      -35.660325        0.086029
LBFGS:  226 19:01:10      -35.676027        0.068321
LBFGS:  227 19:01:10      -35.702017        0.128683
LBFGS:  228 19:01:11      -35.676027        0.068321
LBFGS:  229 19:01:12      -35.660325        0.086029
LBFGS:  230 19:01:12      -35.676027        0.068321
LBFGS:  231 19:01:13      -35.702017        0.128683
LBFGS:  232 19:01:14      -35.676027        0.068321
LBFGS:  233 19:01:14      -35.660325        0.086029
LBFGS:  234 19:01:15      -35.676027        0.068321
LBFGS:  235 19:01:16      -35.702017        0.128682
LBFGS:  236 19:01:17      -35.676027        0.068321
LBFGS:  237 19:01:17      -35.660325        0.086029
LBFGS:  238 19:01:18      -35.676027        0.068321
LBFGS:  239 19:01:19      -35.702017        0.128682
LBFGS:  240 19:01:19      -35.676027        0.068321
LBFGS:  241 19:01:20      -35.660325        0.086029
LBFGS:  242 19:01:21      -35.676027        0.068321
LBFGS:  243 19:01:21      -35.702017        0.128683
LBFGS:  244 19:01:22      -35.676027        0.068321
LBFGS:  245 19:01:23      -35.660325        0.086029
LBFGS:  246 19:01:23      -35.676027        0.068321
LBFGS:  247 19:01:24      -35.702017        0.128682
LBFGS:  248 19:01:25      -35.676027        0.068321
LBFGS:  249 19:01:25      -35.660325        0.086029
LBFGS:  250 19:01:26      -35.676027        0.068321
