       Step     Time          Energy          fmax
LBFGS:    0 19:01:33      -35.477575        0.652200
LBFGS:    1 19:01:34      -35.500998        0.602045
LBFGS:    2 19:01:35      -35.625733        0.465003
LBFGS:    3 19:01:35      -35.637465        0.365509
LBFGS:    4 19:01:36      -35.655439        0.273456
LBFGS:    5 19:01:37      -35.703412        0.198507
LBFGS:    6 19:01:37      -35.728170        0.168788
LBFGS:    7 19:01:38      -35.737982        0.081388
LBFGS:    8 19:01:39      -35.739865        0.062279
LBFGS:    9 19:01:39      -35.740363        0.060074
LBFGS:   10 19:01:40      -35.741878        0.069986
LBFGS:   11 19:01:41      -35.745817        0.117964
LBFGS:   12 19:01:41      -35.751523        0.195859
LBFGS:   13 19:01:42      -35.758253        0.154511
LBFGS:   14 19:01:42      -35.770299        0.062568
LBFGS:   15 19:01:43      -35.770652        0.057672
LBFGS:   16 19:01:44      -35.771795        0.023751
LBFGS:   17 19:01:44      -35.771874        0.026568
LBFGS:   18 19:01:45      -35.772236        0.035066
LBFGS:   19 19:01:46      -35.773054        0.047316
LBFGS:   20 19:01:46      -35.775266        0.068197
LBFGS:   21 19:01:47      -35.780511        0.098455
LBFGS:   22 19:01:48      -35.791045        0.134172
LBFGS:   23 19:01:48      -35.803265        0.122072
LBFGS:   24 19:01:49      -35.815514        0.036232
LBFGS:   25 19:01:49      -35.818596        0.014062
LBFGS:   26 19:01:50      -35.829109        0.027110
LBFGS:   27 19:01:51      -35.817483        0.015245
LBFGS:   28 19:01:51      -35.799079        0.083340
LBFGS:   29 19:01:52      -35.818023        0.015439
LBFGS:   30 19:01:53      -35.820766        0.015935
LBFGS:   31 19:01:53      -35.808768        0.042812
LBFGS:   32 19:01:54      -35.820759        0.017299
LBFGS:   33 19:01:55      -35.831164        0.051296
LBFGS:   34 19:01:55      -35.818217        0.024925
LBFGS:   35 19:01:56      -35.805005        0.063775
LBFGS:   36 19:01:57      -35.819662        0.017441
LBFGS:   37 19:01:57      -35.824650        0.029209
LBFGS:   38 19:01:58      -35.814359        0.031167
LBFGS:   39 19:01:59      -35.783327        0.112625
LBFGS:   40 19:01:59      -35.814457        0.027406
LBFGS:   41 19:02:00      -35.817588        0.016262
LBFGS:   42 19:02:00      -35.824384        0.026265
LBFGS:   43 19:02:01      -35.814216        0.026882
LBFGS:   44 19:02:02      -35.782646        0.109536
LBFGS:   45 19:02:02      -35.814205        0.026123
LBFGS:   46 19:02:03      -35.817455        0.016095
LBFGS:   47 19:02:04      -35.823758        0.024833
LBFGS:   48 19:02:04      -35.813575        0.027902
LBFGS:   49 19:02:05      -35.823760        0.024805
LBFGS:   50 19:02:06      -35.842464        0.082806
LBFGS:   51 19:02:06      -35.821815        0.051266
LBFGS:   52 19:02:07      -35.813100        0.047281
LBFGS:   53 19:02:07      -35.823624        0.033510
LBFGS:   54 19:02:08      -35.842344        0.085844
LBFGS:   55 19:02:09      -35.822787        0.046825
LBFGS:   56 19:02:09      -35.811543        0.065782
LBFGS:   57 19:02:10      -35.822990        0.046190
LBFGS:   58 19:02:11      -35.842219        0.088837
LBFGS:   59 19:02:11      -35.822940        0.047250
LBFGS:   60 19:02:12      -35.811533        0.065941
LBFGS:   61 19:02:13      -35.822921        0.048201
LBFGS:   62 19:02:13      -35.842116        0.090349
LBFGS:   63 19:02:14      -35.822915        0.048458
LBFGS:   64 19:02:15      -35.811530        0.066087
LBFGS:   65 19:02:15      -35.822907        0.048886
LBFGS:   66 19:02:16      -35.842082        0.090942
LBFGS:   67 19:02:16      -35.822909        0.048990
LBFGS:   68 19:02:17      -35.811528        0.066157
LBFGS:   69 19:02:18      -35.822903        0.049192
LBFGS:   70 19:02:18      -35.842063        0.091216
LBFGS:   71 19:02:19      -35.822902        0.049241
LBFGS:   72 19:02:20      -35.811534        0.066196
LBFGS:   73 19:02:20      -35.822897        0.049338
LBFGS:   74 19:02:21      -35.842055        0.091347
LBFGS:   75 19:02:22      -35.822897        0.049362
LBFGS:   76 19:02:22      -35.811530        0.066215
LBFGS:   77 19:02:23      -35.822896        0.049404
LBFGS:   78 19:02:24      -35.842051        0.091407
LBFGS:   79 19:02:24      -35.822896        0.049418
LBFGS:   80 19:02:25      -35.811530        0.066227
LBFGS:   81 19:02:26      -35.822896        0.049441
LBFGS:   82 19:02:26      -35.842048        0.091434
LBFGS:   83 19:02:27      -35.822896        0.049442
LBFGS:   84 19:02:27      -35.811530        0.066228
LBFGS:   85 19:02:28      -35.822896        0.049451
LBFGS:   86 19:02:29      -35.842047        0.091449
LBFGS:   87 19:02:29      -35.822896        0.049456
LBFGS:   88 19:02:30      -35.811533        0.066231
LBFGS:   89 19:02:31      -35.822896        0.049460
LBFGS:   90 19:02:31      -35.842048        0.091456
LBFGS:   91 19:02:32      -35.822896        0.049463
LBFGS:   92 19:02:33      -35.811534        0.066237
LBFGS:   93 19:02:33      -35.822896        0.049467
LBFGS:   94 19:02:34      -35.842048        0.091460
LBFGS:   95 19:02:35      -35.822896        0.049465
LBFGS:   96 19:02:35      -35.811534        0.066237
LBFGS:   97 19:02:36      -35.822896        0.049470
LBFGS:   98 19:02:37      -35.842044        0.091459
LBFGS:   99 19:02:37      -35.822896        0.049464
LBFGS:  100 19:02:38      -35.811530        0.066235
LBFGS:  101 19:02:39      -35.822896        0.049467
LBFGS:  102 19:02:39      -35.842048        0.091461
LBFGS:  103 19:02:40      -35.822896        0.049466
LBFGS:  104 19:02:41      -35.811530        0.066237
LBFGS:  105 19:02:41      -35.822896        0.049470
LBFGS:  106 19:02:42      -35.842048        0.091462
LBFGS:  107 19:02:42      -35.822896        0.049466
LBFGS:  108 19:02:43      -35.811530        0.066237
LBFGS:  109 19:02:44      -35.822896        0.049469
LBFGS:  110 19:02:44      -35.842048        0.091462
LBFGS:  111 19:02:45      -35.822896        0.049465
LBFGS:  112 19:02:46      -35.811530        0.066237
LBFGS:  113 19:02:46      -35.822896        0.049470
LBFGS:  114 19:02:47      -35.842048        0.091462
LBFGS:  115 19:02:48      -35.822896        0.049466
LBFGS:  116 19:02:48      -35.811530        0.066236
LBFGS:  117 19:02:49      -35.822896        0.049469
LBFGS:  118 19:02:50      -35.842044        0.091463
LBFGS:  119 19:02:50      -35.822896        0.049467
LBFGS:  120 19:02:51      -35.811530        0.066237
LBFGS:  121 19:02:51      -35.822896        0.049469
LBFGS:  122 19:02:52      -35.842044        0.091463
LBFGS:  123 19:02:53      -35.822896        0.049468
LBFGS:  124 19:02:53      -35.811530        0.066235
LBFGS:  125 19:02:54      -35.822896        0.049468
LBFGS:  126 19:02:55      -35.842048        0.091463
LBFGS:  127 19:02:55      -35.822896        0.049468
LBFGS:  128 19:02:56      -35.811530        0.066235
LBFGS:  129 19:02:57      -35.822896        0.049468
LBFGS:  130 19:02:57      -35.842044        0.091463
LBFGS:  131 19:02:58      -35.822896        0.049468
LBFGS:  132 19:02:59      -35.811530        0.066235
LBFGS:  133 19:02:59      -35.822896        0.049468
LBFGS:  134 19:03:00      -35.842048        0.091463
LBFGS:  135 19:03:01      -35.822896        0.049468
LBFGS:  136 19:03:01      -35.811530        0.066235
LBFGS:  137 19:03:02      -35.822896        0.049468
LBFGS:  138 19:03:03      -35.842048        0.091463
LBFGS:  139 19:03:03      -35.822896        0.049468
LBFGS:  140 19:03:04      -35.811530        0.066235
LBFGS:  141 19:03:04      -35.822896        0.049468
LBFGS:  142 19:03:05      -35.842044        0.091463
LBFGS:  143 19:03:06      -35.822896        0.049468
LBFGS:  144 19:03:06      -35.811530        0.066235
LBFGS:  145 19:03:07      -35.822896        0.049468
LBFGS:  146 19:03:08      -35.842044        0.091464
LBFGS:  147 19:03:08      -35.822896        0.049468
LBFGS:  148 19:03:09      -35.811530        0.066235
LBFGS:  149 19:03:10      -35.822896        0.049468
LBFGS:  150 19:03:10      -35.842044        0.091464
LBFGS:  151 19:03:11      -35.822896        0.049468
LBFGS:  152 19:03:12      -35.811530        0.066235
LBFGS:  153 19:03:12      -35.822896        0.049468
LBFGS:  154 19:03:13      -35.842044        0.091463
LBFGS:  155 19:03:14      -35.822896        0.049468
LBFGS:  156 19:03:14      -35.811530        0.066235
LBFGS:  157 19:03:15      -35.822896        0.049468
LBFGS:  158 19:03:16      -35.842044        0.091462
LBFGS:  159 19:03:16      -35.822896        0.049468
LBFGS:  160 19:03:17      -35.811530        0.066235
LBFGS:  161 19:03:18      -35.822896        0.049468
LBFGS:  162 19:03:18      -35.842044        0.091462
LBFGS:  163 19:03:19      -35.822896        0.049468
LBFGS:  164 19:03:20      -35.811530        0.066235
LBFGS:  165 19:03:20      -35.822896        0.049468
LBFGS:  166 19:03:21      -35.842044        0.091462
LBFGS:  167 19:03:21      -35.822896        0.049468
LBFGS:  168 19:03:22      -35.811530        0.066235
LBFGS:  169 19:03:23      -35.822896        0.049468
LBFGS:  170 19:03:23      -35.842048        0.091462
LBFGS:  171 19:03:24      -35.822896        0.049468
LBFGS:  172 19:03:25      -35.811530        0.066235
LBFGS:  173 19:03:25      -35.822896        0.049467
LBFGS:  174 19:03:26      -35.842048        0.091462
LBFGS:  175 19:03:27      -35.822896        0.049467
LBFGS:  176 19:03:27      -35.811530        0.066234
LBFGS:  177 19:03:28      -35.822896        0.049467
LBFGS:  178 19:03:29      -35.842048        0.091462
LBFGS:  179 19:03:29      -35.822896        0.049467
LBFGS:  180 19:03:30      -35.811530        0.066235
LBFGS:  181 19:03:31      -35.822896        0.049467
LBFGS:  182 19:03:31      -35.842048        0.091461
LBFGS:  183 19:03:32      -35.822896        0.049467
LBFGS:  184 19:03:33      -35.811530        0.066235
LBFGS:  185 19:03:33      -35.822896        0.049467
LBFGS:  186 19:03:34      -35.842048        0.091461
LBFGS:  187 19:03:35      -35.822896        0.049467
LBFGS:  188 19:03:35      -35.811530        0.066235
LBFGS:  189 19:03:36      -35.822896        0.049467
LBFGS:  190 19:03:37      -35.842048        0.091461
LBFGS:  191 19:03:37      -35.822896        0.049467
LBFGS:  192 19:03:38      -35.811530        0.066236
LBFGS:  193 19:03:38      -35.822896        0.049467
LBFGS:  194 19:03:39      -35.842048        0.091461
LBFGS:  195 19:03:40      -35.822896        0.049467
LBFGS:  196 19:03:40      -35.811530        0.066234
LBFGS:  197 19:03:41      -35.822896        0.049467
LBFGS:  198 19:03:42      -35.842048        0.091461
LBFGS:  199 19:03:42      -35.822896        0.049467
LBFGS:  200 19:03:43      -35.811530        0.066235
LBFGS:  201 19:03:44      -35.822896        0.049467
LBFGS:  202 19:03:44      -35.842048        0.091461
LBFGS:  203 19:03:45      -35.822896        0.049467
LBFGS:  204 19:03:46      -35.811530        0.066235
LBFGS:  205 19:03:46      -35.822896        0.049467
LBFGS:  206 19:03:47      -35.842048        0.091461
LBFGS:  207 19:03:48      -35.822896        0.049467
LBFGS:  208 19:03:48      -35.811530        0.066235
LBFGS:  209 19:03:49      -35.822896        0.049467
LBFGS:  210 19:03:50      -35.842048        0.091461
LBFGS:  211 19:03:50      -35.822896        0.049467
LBFGS:  212 19:03:51      -35.811530        0.066235
LBFGS:  213 19:03:52      -35.822896        0.049467
LBFGS:  214 19:03:52      -35.842048        0.091461
LBFGS:  215 19:03:53      -35.822896        0.049467
LBFGS:  216 19:03:54      -35.811530        0.066235
LBFGS:  217 19:03:54      -35.822896        0.049467
LBFGS:  218 19:03:55      -35.842048        0.091461
LBFGS:  219 19:03:56      -35.822896        0.049467
LBFGS:  220 19:03:56      -35.811530        0.066235
LBFGS:  221 19:03:57      -35.822896        0.049467
LBFGS:  222 19:03:57      -35.842048        0.091461
LBFGS:  223 19:03:58      -35.822896        0.049467
LBFGS:  224 19:03:59      -35.811530        0.066235
LBFGS:  225 19:03:59      -35.822896        0.049467
LBFGS:  226 19:04:00      -35.842048        0.091461
LBFGS:  227 19:04:01      -35.822896        0.049467
LBFGS:  228 19:04:01      -35.811530        0.066234
LBFGS:  229 19:04:02      -35.822896        0.049467
LBFGS:  230 19:04:03      -35.842048        0.091461
LBFGS:  231 19:04:03      -35.822896        0.049467
LBFGS:  232 19:04:04      -35.811530        0.066235
LBFGS:  233 19:04:05      -35.822896        0.049467
LBFGS:  234 19:04:05      -35.842048        0.091461
LBFGS:  235 19:04:06      -35.822896        0.049467
LBFGS:  236 19:04:07      -35.811530        0.066235
LBFGS:  237 19:04:07      -35.822896        0.049467
LBFGS:  238 19:04:08      -35.842048        0.091461
LBFGS:  239 19:04:09      -35.822896        0.049467
LBFGS:  240 19:04:09      -35.811530        0.066235
LBFGS:  241 19:04:10      -35.822896        0.049467
LBFGS:  242 19:04:11      -35.842048        0.091461
LBFGS:  243 19:04:11      -35.822896        0.049467
LBFGS:  244 19:04:12      -35.811530        0.066235
LBFGS:  245 19:04:13      -35.822896        0.049467
LBFGS:  246 19:04:13      -35.842048        0.091461
LBFGS:  247 19:04:14      -35.822896        0.049467
LBFGS:  248 19:04:15      -35.811530        0.066235
LBFGS:  249 19:04:15      -35.822896        0.049467
LBFGS:  250 19:04:16      -35.842048        0.091461
