       Step     Time          Energy          fmax
LBFGS:    0 17:50:49      -35.496512        0.489209
LBFGS:    1 17:50:50      -35.509903        0.451711
LBFGS:    2 17:50:50      -35.595000        0.382558
LBFGS:    3 17:50:51      -35.602593        0.340850
LBFGS:    4 17:50:52      -35.649825        0.110008
LBFGS:    5 17:50:52      -35.670213        0.111262
LBFGS:    6 17:50:53      -35.675347        0.057390
LBFGS:    7 17:50:54      -35.676155        0.048618
LBFGS:    8 17:50:54      -35.676452        0.047420
LBFGS:    9 17:50:55      -35.677381        0.053210
LBFGS:   10 17:50:56      -35.679408        0.079497
LBFGS:   11 17:50:57      -35.682384        0.108472
LBFGS:   12 17:50:57      -35.685072        0.085503
LBFGS:   13 17:50:58      -35.687904        0.019803
LBFGS:   14 17:50:59      -35.687945        0.022252
LBFGS:   15 17:50:59      -35.688116        0.026731
LBFGS:   16 17:51:00      -35.688692        0.037719
LBFGS:   17 17:51:01      -35.689976        0.053636
LBFGS:   18 17:51:01      -35.693241        0.079063
LBFGS:   19 17:51:02      -35.699819        0.108127
LBFGS:   20 17:51:03      -35.708779        0.113435
LBFGS:   21 17:51:03      -35.717822        0.058596
LBFGS:   22 17:51:04      -35.724374        0.023194
LBFGS:   23 17:51:05      -35.746314        0.056575
LBFGS:   24 17:51:05      -35.723972        0.026809
LBFGS:   25 17:51:06      -35.714520        0.066011
LBFGS:   26 17:51:07      -35.728112        0.034973
LBFGS:   27 17:51:07      -35.715700        0.041375
LBFGS:   28 17:51:08      -35.685525        0.135768
LBFGS:   29 17:51:09      -35.716008        0.036762
LBFGS:   30 17:51:09      -35.720146        0.022589
LBFGS:   31 17:51:10      -35.734961        0.063818
LBFGS:   32 17:51:11      -35.719730        0.029833
LBFGS:   33 17:51:11      -35.703099        0.083132
LBFGS:   34 17:51:12      -35.720959        0.025376
LBFGS:   35 17:51:13      -35.727414        0.036909
LBFGS:   36 17:51:13      -35.715255        0.037372
LBFGS:   37 17:51:14      -35.684214        0.129295
LBFGS:   38 17:51:15      -35.715287        0.036004
LBFGS:   39 17:51:15      -35.719724        0.023663
LBFGS:   40 17:51:16      -35.733234        0.060311
LBFGS:   41 17:51:17      -35.718958        0.030400
LBFGS:   42 17:51:17      -35.697529        0.097022
LBFGS:   43 17:51:18      -35.719240        0.026346
LBFGS:   44 17:51:19      -35.723426        0.025584
LBFGS:   45 17:51:19      -35.710512        0.050067
LBFGS:   46 17:51:20      -35.723388        0.027215
LBFGS:   47 17:51:21      -35.741607        0.094267
LBFGS:   48 17:51:22      -35.720617        0.055559
LBFGS:   49 17:51:22      -35.710918        0.056016
LBFGS:   50 17:51:23      -35.723517        0.035874
LBFGS:   51 17:51:24      -35.742418        0.098741
LBFGS:   52 17:51:24      -35.722671        0.046144
LBFGS:   53 17:51:25      -35.710263        0.071079
LBFGS:   54 17:51:26      -35.724687        0.042710
LBFGS:   55 17:51:26      -35.747106        0.099722
LBFGS:   56 17:51:27      -35.724354        0.047158
LBFGS:   57 17:51:28      -35.711697        0.069698
LBFGS:   58 17:51:28      -35.725523        0.051245
LBFGS:   59 17:51:29      -35.748597        0.111885
LBFGS:   60 17:51:30      -35.724800        0.058047
LBFGS:   61 17:51:30      -35.710524        0.077977
LBFGS:   62 17:51:31      -35.725119        0.055977
LBFGS:   63 17:51:32      -35.748914        0.111180
LBFGS:   64 17:51:32      -35.725072        0.056599
LBFGS:   65 17:51:33      -35.710566        0.078082
LBFGS:   66 17:51:34      -35.725064        0.056968
LBFGS:   67 17:51:34      -35.748837        0.111856
LBFGS:   68 17:51:35      -35.725050        0.057128
LBFGS:   69 17:51:36      -35.710543        0.078224
LBFGS:   70 17:51:36      -35.725054        0.057200
LBFGS:   71 17:51:37      -35.748843        0.111978
LBFGS:   72 17:51:38      -35.725058        0.057222
LBFGS:   73 17:51:38      -35.710550        0.078208
LBFGS:   74 17:51:39      -35.725057        0.057272
LBFGS:   75 17:51:40      -35.748834        0.112054
LBFGS:   76 17:51:40      -35.725057        0.057284
LBFGS:   77 17:51:41      -35.710546        0.078207
LBFGS:   78 17:51:41      -35.725053        0.057299
LBFGS:   79 17:51:42      -35.748838        0.112074
LBFGS:   80 17:51:43      -35.725053        0.057303
LBFGS:   81 17:51:43      -35.710547        0.078207
LBFGS:   82 17:51:44      -35.725053        0.057309
LBFGS:   83 17:51:45      -35.748834        0.112083
LBFGS:   84 17:51:45      -35.725053        0.057309
LBFGS:   85 17:51:46      -35.710546        0.078206
LBFGS:   86 17:51:47      -35.725056        0.057313
LBFGS:   87 17:51:47      -35.748834        0.112088
LBFGS:   88 17:51:48      -35.725057        0.057314
LBFGS:   89 17:51:49      -35.710550        0.078205
LBFGS:   90 17:51:49      -35.725056        0.057312
LBFGS:   91 17:51:50      -35.748834        0.112087
LBFGS:   92 17:51:51      -35.725056        0.057313
LBFGS:   93 17:51:51      -35.710550        0.078208
LBFGS:   94 17:51:52      -35.725053        0.057315
LBFGS:   95 17:51:53      -35.748834        0.112088
LBFGS:   96 17:51:53      -35.725056        0.057314
LBFGS:   97 17:51:54      -35.710547        0.078207
LBFGS:   98 17:51:55      -35.725057        0.057314
LBFGS:   99 17:51:55      -35.748834        0.112088
LBFGS:  100 17:51:56      -35.725053        0.057314
LBFGS:  101 17:51:57      -35.710547        0.078206
LBFGS:  102 17:51:57      -35.725053        0.057314
LBFGS:  103 17:51:58      -35.748834        0.112087
LBFGS:  104 17:51:59      -35.725053        0.057313
LBFGS:  105 17:51:59      -35.710550        0.078203
LBFGS:  106 17:52:00      -35.725056        0.057311
LBFGS:  107 17:52:01      -35.748834        0.112086
LBFGS:  108 17:52:01      -35.725056        0.057312
LBFGS:  109 17:52:02      -35.710546        0.078205
LBFGS:  110 17:52:03      -35.725053        0.057314
LBFGS:  111 17:52:03      -35.748834        0.112088
LBFGS:  112 17:52:04      -35.725056        0.057313
LBFGS:  113 17:52:05      -35.710547        0.078205
LBFGS:  114 17:52:05      -35.725056        0.057314
LBFGS:  115 17:52:06      -35.748834        0.112089
LBFGS:  116 17:52:07      -35.725056        0.057314
LBFGS:  117 17:52:07      -35.710547        0.078206
LBFGS:  118 17:52:08      -35.725056        0.057314
LBFGS:  119 17:52:09      -35.748834        0.112089
LBFGS:  120 17:52:09      -35.725053        0.057315
LBFGS:  121 17:52:10      -35.710547        0.078207
LBFGS:  122 17:52:10      -35.725056        0.057314
LBFGS:  123 17:52:11      -35.748834        0.112092
LBFGS:  124 17:52:12      -35.725056        0.057313
LBFGS:  125 17:52:12      -35.710550        0.078193
LBFGS:  126 17:52:13      -35.725053        0.057321
LBFGS:  127 17:52:14      -35.748822        0.112124
LBFGS:  128 17:52:14      -35.725056        0.057309
LBFGS:  129 17:52:15      -35.710566        0.078117
LBFGS:  130 17:52:16      -35.725053        0.057332
LBFGS:  131 17:52:16      -35.748783        0.112284
LBFGS:  132 17:52:17      -35.725065        0.057217
LBFGS:  133 17:52:18      -35.710691        0.077467
LBFGS:  134 17:52:18      -35.725043        0.057404
LBFGS:  135 17:52:19      -35.748464        0.113551
LBFGS:  136 17:52:20      -35.725159        0.056496
LBFGS:  137 17:52:20      -35.711588        0.072632
LBFGS:  138 17:52:21      -35.724995        0.057817
LBFGS:  139 17:52:22      -35.745971        0.122371
LBFGS:  140 17:52:22      -35.725717        0.051868
LBFGS:  141 17:52:23      -35.714568        0.048328
LBFGS:  142 17:52:24      -35.725085        0.057124
LBFGS:  143 17:52:24      -35.731748        0.153224
LBFGS:  144 17:52:25      -35.719595        0.082725
LBFGS:  145 17:52:26      -35.707061        0.110068
LBFGS:  146 17:52:26      -35.733020        0.115635
LBFGS:  147 17:52:27      -35.717170        0.073907
LBFGS:  148 17:52:28      -35.699839        0.110463
LBFGS:  149 17:52:28      -35.720268        0.055550
LBFGS:  150 17:52:29      -35.729175        0.051571
LBFGS:  151 17:52:30      -35.716425        0.045835
LBFGS:  152 17:52:31      -35.688472        0.131086
LBFGS:  153 17:52:31      -35.716633        0.042399
LBFGS:  154 17:52:32      -35.720659        0.030997
LBFGS:  155 17:52:33      -35.736407        0.070938
LBFGS:  156 17:52:33      -35.720374        0.035634
LBFGS:  157 17:52:34      -35.706993        0.078819
LBFGS:  158 17:52:35      -35.722402        0.033194
LBFGS:  159 17:52:35      -35.735102        0.064558
LBFGS:  160 17:52:36      -35.719652        0.036105
LBFGS:  161 17:52:37      -35.702946        0.089706
LBFGS:  162 17:52:37      -35.720797        0.031889
LBFGS:  163 17:52:38      -35.727109        0.039875
LBFGS:  164 17:52:39      -35.714879        0.045529
LBFGS:  165 17:52:39      -35.682843        0.142374
LBFGS:  166 17:52:40      -35.714940        0.044231
LBFGS:  167 17:52:41      -35.719552        0.029452
LBFGS:  168 17:52:41      -35.731705        0.054190
LBFGS:  169 17:52:42      -35.718212        0.034609
LBFGS:  170 17:52:43      -35.694673        0.111525
LBFGS:  171 17:52:43      -35.718324        0.032536
LBFGS:  172 17:52:44      -35.722248        0.026849
LBFGS:  173 17:52:45      -35.740168        0.077752
LBFGS:  174 17:52:45      -35.721968        0.031596
LBFGS:  175 17:52:46      -35.711839        0.059662
LBFGS:  176 17:52:47      -35.725100        0.036165
LBFGS:  177 17:52:47      -35.746907        0.098749
LBFGS:  178 17:52:48      -35.724432        0.043598
LBFGS:  179 17:52:49      -35.711852        0.065338
LBFGS:  180 17:52:49      -35.725672        0.047535
LBFGS:  181 17:52:50      -35.748999        0.108448
LBFGS:  182 17:52:51      -35.725116        0.052187
LBFGS:  183 17:52:52      -35.710646        0.072833
LBFGS:  184 17:52:52      -35.725157        0.052098
LBFGS:  185 17:52:53      -35.749140        0.107947
LBFGS:  186 17:52:54      -35.725172        0.052249
LBFGS:  187 17:52:54      -35.710685        0.073650
LBFGS:  188 17:52:55      -35.725170        0.052496
LBFGS:  189 17:52:56      -35.749131        0.108132
LBFGS:  190 17:52:56      -35.725167        0.052760
LBFGS:  191 17:52:57      -35.710668        0.074514
LBFGS:  192 17:52:58      -35.725168        0.052983
LBFGS:  193 17:52:58      -35.749140        0.108326
LBFGS:  194 17:52:59      -35.725166        0.053199
LBFGS:  195 17:53:00      -35.710661        0.075170
LBFGS:  196 17:53:00      -35.725167        0.053431
LBFGS:  197 17:53:01      -35.749137        0.108583
LBFGS:  198 17:53:02      -35.725164        0.053624
LBFGS:  199 17:53:02      -35.710653        0.075702
LBFGS:  200 17:53:03      -35.725162        0.053857
LBFGS:  201 17:53:04      -35.749132        0.108866
LBFGS:  202 17:53:04      -35.725163        0.054024
LBFGS:  203 17:53:05      -35.710645        0.076122
LBFGS:  204 17:53:06      -35.725161        0.054250
LBFGS:  205 17:53:07      -35.749128        0.109166
LBFGS:  206 17:53:07      -35.725159        0.054400
LBFGS:  207 17:53:08      -35.710639        0.076470
LBFGS:  208 17:53:09      -35.725157        0.054615
LBFGS:  209 17:53:09      -35.749119        0.109466
LBFGS:  210 17:53:10      -35.725156        0.054749
LBFGS:  211 17:53:11      -35.710630        0.076753
LBFGS:  212 17:53:11      -35.725157        0.054953
LBFGS:  213 17:53:12      -35.749106        0.109763
LBFGS:  214 17:53:12      -35.725152        0.055072
LBFGS:  215 17:53:13      -35.710629        0.076987
LBFGS:  216 17:53:14      -35.725150        0.055263
LBFGS:  217 17:53:14      -35.749097        0.110046
LBFGS:  218 17:53:15      -35.725149        0.055369
LBFGS:  219 17:53:16      -35.710625        0.077179
LBFGS:  220 17:53:16      -35.725147        0.055546
LBFGS:  221 17:53:17      -35.749088        0.110316
LBFGS:  222 17:53:18      -35.725146        0.055643
LBFGS:  223 17:53:18      -35.710622        0.077344
LBFGS:  224 17:53:19      -35.725145        0.055806
LBFGS:  225 17:53:20      -35.749079        0.110570
LBFGS:  226 17:53:20      -35.725144        0.055892
LBFGS:  227 17:53:21      -35.710618        0.077481
LBFGS:  228 17:53:22      -35.725139        0.056041
LBFGS:  229 17:53:22      -35.749070        0.110805
LBFGS:  230 17:53:23      -35.725138        0.056116
LBFGS:  231 17:53:24      -35.710615        0.077598
LBFGS:  232 17:53:24      -35.725140        0.056254
LBFGS:  233 17:53:25      -35.749061        0.111022
LBFGS:  234 17:53:26      -35.725136        0.056325
LBFGS:  235 17:53:26      -35.710612        0.077699
LBFGS:  236 17:53:27      -35.725135        0.056451
LBFGS:  237 17:53:28      -35.749057        0.111225
LBFGS:  238 17:53:28      -35.725135        0.056512
LBFGS:  239 17:53:29      -35.710612        0.077786
LBFGS:  240 17:53:30      -35.725134        0.056628
LBFGS:  241 17:53:30      -35.749044        0.111413
LBFGS:  242 17:53:31      -35.725133        0.056686
LBFGS:  243 17:53:32      -35.710610        0.077862
LBFGS:  244 17:53:32      -35.725122        0.056834
LBFGS:  245 17:53:33      -35.749020        0.111642
LBFGS:  246 17:53:34      -35.725122        0.056883
LBFGS:  247 17:53:34      -35.710599        0.077968
LBFGS:  248 17:53:35      -35.725118        0.056993
LBFGS:  249 17:53:36      -35.749004        0.111830
LBFGS:  250 17:53:36      -35.725118        0.057040
