/projectnb/fpmats/tmihm/Projects/GeSe/Orthorhombic/Double-Well/Original/MACE/New-2D-contour/MACE-rcut4.0/NoVDW_model-VDW_correction
/projectnb/fpmats/tmihm/Projects/GeSe/Orthorhombic/Double-Well/Original/MACE/New-2D-contour/MACE-rcut4.0/NoVDW_model-VDW_correction
POSCAR_a-4.5_b-4.15_c-11.vasp
No dtype selected, switching to float32 to match model dtype.
***Total Energy from MACE: 4.5 4.15 11.142221 -35.20528030436754
POSCAR_a-4.2_b-4.25_c-11.vasp
No dtype selected, switching to float32 to match model dtype.
***Total Energy from MACE: 4.2 4.25 11.142221 -35.36966575370524
POSCAR_a-4.1_b-4.2_c-11.vasp
No dtype selected, switching to float32 to match model dtype.
***Total Energy from MACE: 4.1 4.2 11.142221 -35.507614879118414
POSCAR_a-4.0_b-4.6_c-11.vasp
No dtype selected, switching to float32 to match model dtype.
***Total Energy from MACE: 4.0 4.6 11.142221 -35.33879402635263
POSCAR_a-4.7_b-3.95_c-11.vasp
No dtype selected, switching to float32 to match model dtype.
***Total Energy from MACE: 4.7 3.95 11.142221 -35.30443026340799
POSCAR_a-4.2_b-4.45_c-11.vasp
No dtype selected, switching to float32 to match model dtype.
***Total Energy from MACE: 4.2 4.45 11.142221 -35.1693308877141
POSCAR_a-4.0_b-3.7_c-11.vasp
No dtype selected, switching to float32 to match model dtype.
***Total Energy from MACE: 4.0 3.7 11.142221 -34.92445626627318
POSCAR_a-4.3_b-4.1_c-11.vasp
No dtype selected, switching to float32 to match model dtype.
***Total Energy from MACE: 4.3 4.1 11.142221 -35.4684876611755
POSCAR_a-4.3_b-4.25_c-11.vasp
No dtype selected, switching to float32 to match model dtype.
***Total Energy from MACE: 4.3 4.25 11.142221 -35.24119051224812
POSCAR_a-4.05_b-3.85_c-11.vasp
No dtype selected, switching to float32 to match model dtype.
***Total Energy from MACE: 4.05 3.85 11.142221 -35.25354909309354
POSCAR_a-4.75_b-3.75_c-11.vasp
No dtype selected, switching to float32 to match model dtype.
***Total Energy from MACE: 4.75 3.75 11.142221 -35.425004456257945
POSCAR_a-4.2_b-3.7_c-11.vasp
No dtype selected, switching to float32 to match model dtype.
***Total Energy from MACE: 4.2 3.7 11.142221 -35.21304923073825
POSCAR_a-3.75_b-3.7_c-11.vasp
No dtype selected, switching to float32 to match model dtype.
***Total Energy from MACE: 3.75 3.7 11.142221 -33.31245341243649
POSCAR_a-3.85_b-4.15_c-11.vasp
No dtype selected, switching to float32 to match model dtype.
***Total Energy from MACE: 3.85 4.15 11.142221 -35.37808954451957
POSCAR_a-4.6_b-4.8_c-11.vasp
No dtype selected, switching to float32 to match model dtype.
***Total Energy from MACE: 4.6 4.8 11.142221 -33.9156099835496
POSCAR_a-4.2_b-3.95_c-11.vasp
No dtype selected, switching to float32 to match model dtype.
***Total Energy from MACE: 4.2 3.95 11.142221 -35.53039426402054
POSCAR_a-3.9_b-4.0_c-11.vasp
No dtype selected, switching to float32 to match model dtype.
***Total Energy from MACE: 3.9 4.0 11.142221 -35.24795873806628
POSCAR_a-3.7_b-4.05_c-11.vasp
No dtype selected, switching to float32 to match model dtype.
***Total Energy from MACE: 3.7 4.05 11.142221 -35.00227200334547
POSCAR_a-3.7_b-4.6499999999999995_c-11.vasp
No dtype selected, switching to float32 to match model dtype.
***Total Energy from MACE: 3.7 4.6499999999999995 11.142221 -35.48869048224504
POSCAR_a-4.4_b-3.95_c-11.vasp
No dtype selected, switching to float32 to match model dtype.
***Total Energy from MACE: 4.4 3.95 11.142221 -35.55329037467452
POSCAR_a-3.9_b-4.25_c-11.vasp
No dtype selected, switching to float32 to match model dtype.
***Total Energy from MACE: 3.9 4.25 11.142221 -35.54173125803391
POSCAR_a-4.2_b-3.9_c-11.vasp
No dtype selected, switching to float32 to match model dtype.
***Total Energy from MACE: 4.2 3.9 11.142221 -35.49821321132909
POSCAR_a-4.8_b-4.3_c-11.vasp
No dtype selected, switching to float32 to match model dtype.
***Total Energy from MACE: 4.8 4.3 11.142221 -32.95607631513495
POSCAR_a-3.9_b-4.1_c-11.vasp
No dtype selected, switching to float32 to match model dtype.
***Total Energy from MACE: 3.9 4.1 11.142221 -35.37497879164643
POSCAR_a-4.6499999999999995_b-4.55_c-11.vasp
No dtype selected, switching to float32 to match model dtype.
***Total Energy from MACE: 4.6499999999999995 4.55 11.142221 -34.117871876896245
POSCAR_a-4.3_b-4.4_c-11.vasp
No dtype selected, switching to float32 to match model dtype.
***Total Energy from MACE: 4.3 4.4 11.142221 -35.02253346284437
POSCAR_a-4.0_b-4.6499999999999995_c-11.vasp
No dtype selected, switching to float32 to match model dtype.
***Total Energy from MACE: 4.0 4.6499999999999995 11.142221 -35.28652318063896
POSCAR_a-4.4_b-4.1_c-11.vasp
No dtype selected, switching to float32 to match model dtype.
***Total Energy from MACE: 4.4 4.1 11.142221 -35.3934200698431
POSCAR_a-4.75_b-3.7_c-11.vasp
No dtype selected, switching to float32 to match model dtype.
***Total Energy from MACE: 4.75 3.7 11.142221 -35.42621334806318
POSCAR_a-3.7_b-3.85_c-11.vasp
No dtype selected, switching to float32 to match model dtype.
***Total Energy from MACE: 3.7 3.85 11.142221 -33.93564675179603
POSCAR_a-3.75_b-3.75_c-11.vasp
No dtype selected, switching to float32 to match model dtype.
***Total Energy from MACE: 3.75 3.75 11.142221 -34.44863495443969
POSCAR_a-3.85_b-4.8_c-11.vasp
No dtype selected, switching to float32 to match model dtype.
***Total Energy from MACE: 3.85 4.8 11.142221 -35.32272166360165
POSCAR_a-4.5_b-4.35_c-11.vasp
No dtype selected, switching to float32 to match model dtype.
***Total Energy from MACE: 4.5 4.35 11.142221 -34.7836671393057
POSCAR_a-4.8_b-4.6499999999999995_c-11.vasp
No dtype selected, switching to float32 to match model dtype.
***Total Energy from MACE: 4.8 4.6499999999999995 11.142221 -33.80317096145639
POSCAR_a-3.8000000000000003_b-3.9_c-11.vasp
No dtype selected, switching to float32 to match model dtype.
***Total Energy from MACE: 3.8000000000000003 3.9 11.142221 -34.646407942180396
POSCAR_a-4.1_b-4.1_c-11.vasp
No dtype selected, switching to float32 to match model dtype.
***Total Energy from MACE: 4.1 4.1 11.142221 -35.358358446352035
POSCAR_a-3.85_b-4.35_c-11.vasp
No dtype selected, switching to float32 to match model dtype.
***Total Energy from MACE: 3.85 4.35 11.142221 -35.571256534395694
POSCAR_a-3.85_b-4.6499999999999995_c-11.vasp
No dtype selected, switching to float32 to match model dtype.
***Total Energy from MACE: 3.85 4.6499999999999995 11.142221 -35.458882496714146
POSCAR_a-4.15_b-4.6_c-11.vasp
No dtype selected, switching to float32 to match model dtype.
***Total Energy from MACE: 4.15 4.6 11.142221 -35.09118717878521
POSCAR_a-4.45_b-4.05_c-11.vasp
No dtype selected, switching to float32 to match model dtype.
***Total Energy from MACE: 4.45 4.05 11.142221 -35.41821806157863
POSCAR_a-4.45_b-4.6_c-11.vasp
No dtype selected, switching to float32 to match model dtype.
***Total Energy from MACE: 4.45 4.6 11.142221 -34.367967015445025
POSCAR_a-4.8_b-4.7_c-11.vasp
No dtype selected, switching to float32 to match model dtype.
***Total Energy from MACE: 4.8 4.7 11.142221 -31.073492139864715
POSCAR_a-4.4_b-3.7_c-11.vasp
No dtype selected, switching to float32 to match model dtype.
***Total Energy from MACE: 4.4 3.7 11.142221 -35.447018667699915
POSCAR_a-3.85_b-4.3_c-11.vasp
No dtype selected, switching to float32 to match model dtype.
***Total Energy from MACE: 3.85 4.3 11.142221 -35.545226557237946
POSCAR_a-3.8000000000000003_b-3.8000000000000003_c-11.vasp
No dtype selected, switching to float32 to match model dtype.
***Total Energy from MACE: 3.8000000000000003 3.8000000000000003 11.142221 -34.65571267021444
POSCAR_a-4.3_b-4.8_c-11.vasp
No dtype selected, switching to float32 to match model dtype.
***Total Energy from MACE: 4.3 4.8 11.142221 -34.536657393056785
POSCAR_a-3.9_b-4.45_c-11.vasp
No dtype selected, switching to float32 to match model dtype.
***Total Energy from MACE: 3.9 4.45 11.142221 -35.561523536707114
POSCAR_a-3.8000000000000003_b-4.3_c-11.vasp
No dtype selected, switching to float32 to match model dtype.
***Total Energy from MACE: 3.8000000000000003 4.3 11.142221 -35.49712668978267
POSCAR_a-3.7_b-4.35_c-11.vasp
No dtype selected, switching to float32 to match model dtype.
***Total Energy from MACE: 3.7 4.35 11.142221 -35.39731998419185
POSCAR_a-4.45_b-4.7_c-11.vasp
No dtype selected, switching to float32 to match model dtype.
***Total Energy from MACE: 4.45 4.7 11.142221 -34.301373822584544
POSCAR_a-4.6499999999999995_b-3.95_c-11.vasp
No dtype selected, switching to float32 to match model dtype.
***Total Energy from MACE: 4.6499999999999995 3.95 11.142221 -35.35440297937861
POSCAR_a-3.9_b-3.75_c-11.vasp
No dtype selected, switching to float32 to match model dtype.
***Total Energy from MACE: 3.9 3.75 11.142221 -34.8557454171617
POSCAR_a-4.8_b-3.75_c-11.vasp
No dtype selected, switching to float32 to match model dtype.
***Total Energy from MACE: 4.8 3.75 11.142221 -35.382547197517695
POSCAR_a-4.3_b-3.9_c-11.vasp
No dtype selected, switching to float32 to match model dtype.
***Total Energy from MACE: 4.3 3.9 11.142221 -35.56906059690538
POSCAR_a-4.15_b-4.4_c-11.vasp
No dtype selected, switching to float32 to match model dtype.
***Total Energy from MACE: 4.15 4.4 11.142221 -35.31554407081373
POSCAR_a-4.7_b-4.15_c-11.vasp
No dtype selected, switching to float32 to match model dtype.
***Total Energy from MACE: 4.7 4.15 11.142221 -34.99456472176563
POSCAR_a-3.85_b-3.75_c-11.vasp
No dtype selected, switching to float32 to match model dtype.
***Total Energy from MACE: 3.85 3.75 11.142221 -34.75700160227857
POSCAR_a-4.75_b-4.0_c-11.vasp
No dtype selected, switching to float32 to match model dtype.
***Total Energy from MACE: 4.75 4.0 11.142221 -35.19040515686058
POSCAR_a-3.7_b-4.25_c-11.vasp
No dtype selected, switching to float32 to match model dtype.
***Total Energy from MACE: 3.7 4.25 11.142221 -35.276545770748086
POSCAR_a-3.75_b-4.55_c-11.vasp
No dtype selected, switching to float32 to match model dtype.
***Total Energy from MACE: 3.75 4.55 11.142221 -35.545132684235575
POSCAR_a-3.75_b-4.6499999999999995_c-11.vasp
No dtype selected, switching to float32 to match model dtype.
***Total Energy from MACE: 3.75 4.6499999999999995 11.142221 -35.500393111806844
POSCAR_a-4.55_b-3.8000000000000003_c-11.vasp
No dtype selected, switching to float32 to match model dtype.
***Total Energy from MACE: 4.55 3.8000000000000003 11.142221 -35.55116341993873
POSCAR_a-3.9_b-3.7_c-11.vasp
No dtype selected, switching to float32 to match model dtype.
***Total Energy from MACE: 3.9 3.7 11.142221 -34.19983157018142
POSCAR_a-4.1_b-4.05_c-11.vasp
No dtype selected, switching to float32 to match model dtype.
***Total Energy from MACE: 4.1 4.05 11.142221 -35.49013562504038
POSCAR_a-4.25_b-4.3_c-11.vasp
No dtype selected, switching to float32 to match model dtype.
***Total Energy from MACE: 4.25 4.3 11.142221 -35.241178297067634
POSCAR_a-3.8000000000000003_b-3.75_c-11.vasp
No dtype selected, switching to float32 to match model dtype.
***Total Energy from MACE: 3.8000000000000003 3.75 11.142221 -33.928023602516404
POSCAR_a-4.5_b-4.0_c-11.vasp
No dtype selected, switching to float32 to match model dtype.
***Total Energy from MACE: 4.5 4.0 11.142221 -35.43771435424192
POSCAR_a-4.3_b-4.5_c-11.vasp
No dtype selected, switching to float32 to match model dtype.
***Total Energy from MACE: 4.3 4.5 11.142221 -34.89744260750963
POSCAR_a-4.4_b-4.35_c-11.vasp
No dtype selected, switching to float32 to match model dtype.
***Total Energy from MACE: 4.4 4.35 11.142221 -34.90837737998483
POSCAR_a-4.75_b-3.85_c-11.vasp
No dtype selected, switching to float32 to match model dtype.
***Total Energy from MACE: 4.75 3.85 11.142221 -35.36695606017144
POSCAR_a-4.1_b-4.35_c-11.vasp
No dtype selected, switching to float32 to match model dtype.
***Total Energy from MACE: 4.1 4.35 11.142221 -35.43480642930071
POSCAR_a-4.4_b-4.55_c-11.vasp
No dtype selected, switching to float32 to match model dtype.
***Total Energy from MACE: 4.4 4.55 11.142221 -34.526337280887994
POSCAR_a-4.25_b-4.8_c-11.vasp
No dtype selected, switching to float32 to match model dtype.
***Total Energy from MACE: 4.25 4.8 11.142221 -34.634796171903446
POSCAR_a-4.25_b-4.6499999999999995_c-11.vasp
No dtype selected, switching to float32 to match model dtype.
***Total Energy from MACE: 4.25 4.6499999999999995 11.142221 -34.84916165909189
POSCAR_a-4.15_b-4.1_c-11.vasp
No dtype selected, switching to float32 to match model dtype.
***Total Energy from MACE: 4.15 4.1 11.142221 -35.509066220792256
POSCAR_a-4.4_b-3.8000000000000003_c-11.vasp
No dtype selected, switching to float32 to match model dtype.
***Total Energy from MACE: 4.4 3.8000000000000003 11.142221 -35.56069867197645
POSCAR_a-4.6499999999999995_b-4.0_c-11.vasp
No dtype selected, switching to float32 to match model dtype.
***Total Energy from MACE: 4.6499999999999995 4.0 11.142221 -35.286531109635064
POSCAR_a-4.6499999999999995_b-3.75_c-11.vasp
No dtype selected, switching to float32 to match model dtype.
***Total Energy from MACE: 4.6499999999999995 3.75 11.142221 -35.50039293661199
POSCAR_a-4.8_b-4.05_c-11.vasp
No dtype selected, switching to float32 to match model dtype.
***Total Energy from MACE: 4.8 4.05 11.142221 -35.0797273407328
POSCAR_a-4.7_b-4.0_c-11.vasp
No dtype selected, switching to float32 to match model dtype.
***Total Energy from MACE: 4.7 4.0 11.142221 -35.23636096038018
POSCAR_a-4.6499999999999995_b-4.8_c-11.vasp
No dtype selected, switching to float32 to match model dtype.
***Total Energy from MACE: 4.6499999999999995 4.8 11.142221 -33.80317345984596
POSCAR_a-3.9_b-4.75_c-11.vasp
No dtype selected, switching to float32 to match model dtype.
***Total Energy from MACE: 3.9 4.75 11.142221 -35.31707064468761
POSCAR_a-4.75_b-4.25_c-11.vasp
No dtype selected, switching to float32 to match model dtype.
***Total Energy from MACE: 4.75 4.25 11.142221 -34.67051932374452
POSCAR_a-4.25_b-4.0_c-11.vasp
No dtype selected, switching to float32 to match model dtype.
***Total Energy from MACE: 4.25 4.0 11.142221 -35.55562501222191
POSCAR_a-3.85_b-3.8000000000000003_c-11.vasp
No dtype selected, switching to float32 to match model dtype.
***Total Energy from MACE: 3.85 3.8000000000000003 11.142221 -34.77436790638374
POSCAR_a-4.6499999999999995_b-4.6499999999999995_c-11.vasp
No dtype selected, switching to float32 to match model dtype.
***Total Energy from MACE: 4.6499999999999995 4.6499999999999995 11.142221 -32.09989239022552
POSCAR_a-4.75_b-3.95_c-11.vasp
No dtype selected, switching to float32 to match model dtype.
***Total Energy from MACE: 4.75 3.95 11.142221 -35.257578406084455
POSCAR_a-4.4_b-4.3_c-11.vasp
No dtype selected, switching to float32 to match model dtype.
***Total Energy from MACE: 4.4 4.3 11.142221 -35.02253483983519
POSCAR_a-4.0_b-4.35_c-11.vasp
No dtype selected, switching to float32 to match model dtype.
***Total Energy from MACE: 4.0 4.35 11.142221 -35.53871053550139
POSCAR_a-4.55_b-3.75_c-11.vasp
No dtype selected, switching to float32 to match model dtype.
***Total Energy from MACE: 4.55 3.75 11.142221 -35.54513672611925
POSCAR_a-3.7_b-4.2_c-11.vasp
No dtype selected, switching to float32 to match model dtype.
***Total Energy from MACE: 3.7 4.2 11.142221 -35.21304817678354
POSCAR_a-4.4_b-4.05_c-11.vasp
No dtype selected, switching to float32 to match model dtype.
***Total Energy from MACE: 4.4 4.05 11.142221 -35.45975287320188
POSCAR_a-3.8000000000000003_b-4.0_c-11.vasp
No dtype selected, switching to float32 to match model dtype.
***Total Energy from MACE: 3.8000000000000003 4.0 11.142221 -35.09540293579439
POSCAR_a-4.35_b-4.25_c-11.vasp
No dtype selected, switching to float32 to match model dtype.
***Total Energy from MACE: 4.35 4.25 11.142221 -35.187341986061185
POSCAR_a-3.7_b-3.95_c-11.vasp
No dtype selected, switching to float32 to match model dtype.
***Total Energy from MACE: 3.7 3.95 11.142221 -34.843828207847544
POSCAR_a-4.25_b-3.75_c-11.vasp
No dtype selected, switching to float32 to match model dtype.
***Total Energy from MACE: 4.25 3.75 11.142221 -35.360391608796775
POSCAR_a-4.1_b-4.15_c-11.vasp
No dtype selected, switching to float32 to match model dtype.
***Total Energy from MACE: 4.1 4.15 11.142221 -35.50906726746622
POSCAR_a-3.95_b-4.25_c-11.vasp
No dtype selected, switching to float32 to match model dtype.
***Total Energy from MACE: 3.95 4.25 11.142221 -35.55902449993305
POSCAR_a-4.6_b-4.05_c-11.vasp
No dtype selected, switching to float32 to match model dtype.
***Total Energy from MACE: 4.6 4.05 11.142221 -35.263939262023555
POSCAR_a-4.75_b-4.05_c-11.vasp
No dtype selected, switching to float32 to match model dtype.
***Total Energy from MACE: 4.75 4.05 11.142221 -35.1175437783978
POSCAR_a-4.05_b-4.25_c-11.vasp
No dtype selected, switching to float32 to match model dtype.
***Total Energy from MACE: 4.05 4.25 11.142221 -35.533091202639
POSCAR_a-4.5_b-4.2_c-11.vasp
No dtype selected, switching to float32 to match model dtype.
***Total Energy from MACE: 4.5 4.2 11.142221 -35.1095543142271
POSCAR_a-4.1_b-4.25_c-11.vasp
No dtype selected, switching to float32 to match model dtype.
***Total Energy from MACE: 4.1 4.25 11.142221 -35.493280590029784
POSCAR_a-4.25_b-4.5_c-11.vasp
No dtype selected, switching to float32 to match model dtype.
***Total Energy from MACE: 4.25 4.5 11.142221 -35.006490027764116
POSCAR_a-4.45_b-4.55_c-11.vasp
No dtype selected, switching to float32 to match model dtype.
***Total Energy from MACE: 4.45 4.55 11.142221 -34.40909694981213
POSCAR_a-4.1_b-3.85_c-11.vasp
No dtype selected, switching to float32 to match model dtype.
***Total Energy from MACE: 4.1 3.85 11.142221 -35.31693491849697
POSCAR_a-4.05_b-4.45_c-11.vasp
No dtype selected, switching to float32 to match model dtype.
***Total Energy from MACE: 4.05 4.45 11.142221 -35.4182255445268
POSCAR_a-3.95_b-4.6_c-11.vasp
No dtype selected, switching to float32 to match model dtype.
***Total Energy from MACE: 3.95 4.6 11.142221 -35.404502151830584
POSCAR_a-4.7_b-3.9_c-11.vasp
No dtype selected, switching to float32 to match model dtype.
***Total Energy from MACE: 4.7 3.9 11.142221 -35.36429724098511
POSCAR_a-4.1_b-3.9_c-11.vasp
No dtype selected, switching to float32 to match model dtype.
***Total Energy from MACE: 4.1 3.9 11.142221 -35.37243191542976
POSCAR_a-4.5_b-4.3_c-11.vasp
No dtype selected, switching to float32 to match model dtype.
***Total Energy from MACE: 4.5 4.3 11.142221 -34.897449402202476
POSCAR_a-4.6499999999999995_b-4.05_c-11.vasp
No dtype selected, switching to float32 to match model dtype.
***Total Energy from MACE: 4.6499999999999995 4.05 11.142221 -35.21079306694233
POSCAR_a-4.8_b-4.5_c-11.vasp
No dtype selected, switching to float32 to match model dtype.
***Total Energy from MACE: 4.8 4.5 11.142221 -34.13418542429661
POSCAR_a-3.9_b-4.05_c-11.vasp
No dtype selected, switching to float32 to match model dtype.
***Total Energy from MACE: 3.9 4.05 11.142221 -35.3114966213295
POSCAR_a-4.3_b-3.8000000000000003_c-11.vasp
No dtype selected, switching to float32 to match model dtype.
***Total Energy from MACE: 4.3 3.8000000000000003 11.142221 -35.4971237840194
POSCAR_a-4.45_b-4.2_c-11.vasp
No dtype selected, switching to float32 to match model dtype.
***Total Energy from MACE: 4.45 4.2 11.142221 -35.16933232601844
POSCAR_a-4.8_b-4.75_c-11.vasp
No dtype selected, switching to float32 to match model dtype.
***Total Energy from MACE: 4.8 4.75 11.142221 -30.808338555709636
POSCAR_a-4.2_b-4.55_c-11.vasp
No dtype selected, switching to float32 to match model dtype.
***Total Energy from MACE: 4.2 4.55 11.142221 -35.05053937419969
POSCAR_a-4.35_b-4.0_c-11.vasp
No dtype selected, switching to float32 to match model dtype.
***Total Energy from MACE: 4.35 4.0 11.142221 -35.538710774751586
POSCAR_a-4.5_b-3.85_c-11.vasp
No dtype selected, switching to float32 to match model dtype.
***Total Energy from MACE: 4.5 3.85 11.142221 -35.561603578243485
POSCAR_a-4.3_b-4.45_c-11.vasp
No dtype selected, switching to float32 to match model dtype.
***Total Energy from MACE: 4.3 4.45 11.142221 -34.959019307999675
POSCAR_a-4.05_b-3.95_c-11.vasp
No dtype selected, switching to float32 to match model dtype.
***Total Energy from MACE: 4.05 3.95 11.142221 -35.36008823431583
POSCAR_a-3.9_b-4.6_c-11.vasp
No dtype selected, switching to float32 to match model dtype.
***Total Energy from MACE: 3.9 4.6 11.142221 -35.45924442567978
POSCAR_a-4.3_b-3.95_c-11.vasp
No dtype selected, switching to float32 to match model dtype.
***Total Energy from MACE: 4.3 3.95 11.142221 -35.57102161161626
POSCAR_a-3.8000000000000003_b-4.8_c-11.vasp
No dtype selected, switching to float32 to match model dtype.
***Total Energy from MACE: 3.8000000000000003 4.8 11.142221 -35.359974044807565
POSCAR_a-4.7_b-4.1_c-11.vasp
No dtype selected, switching to float32 to match model dtype.
***Total Energy from MACE: 4.7 4.1 11.142221 -35.08048404495729
POSCAR_a-4.5_b-4.4_c-11.vasp
No dtype selected, switching to float32 to match model dtype.
***Total Energy from MACE: 4.5 4.4 11.142221 -34.666720440988534
POSCAR_a-4.3_b-4.15_c-11.vasp
No dtype selected, switching to float32 to match model dtype.
***Total Energy from MACE: 4.3 4.15 11.142221 -35.40469557861282
POSCAR_a-4.0_b-4.3_c-11.vasp
No dtype selected, switching to float32 to match model dtype.
***Total Energy from MACE: 4.0 4.3 11.142221 -35.55341711962515
POSCAR_a-4.55_b-4.75_c-11.vasp
No dtype selected, switching to float32 to match model dtype.
***Total Energy from MACE: 4.55 4.75 11.142221 -34.057711932781366
POSCAR_a-4.7_b-4.45_c-11.vasp
No dtype selected, switching to float32 to match model dtype.
***Total Energy from MACE: 4.7 4.45 11.142221 -34.30137729558736
POSCAR_a-3.9_b-4.7_c-11.vasp
No dtype selected, switching to float32 to match model dtype.
***Total Energy from MACE: 3.9 4.7 11.142221 -35.364294062528806
POSCAR_a-3.7_b-3.75_c-11.vasp
No dtype selected, switching to float32 to match model dtype.
***Total Energy from MACE: 3.7 3.75 11.142221 -33.312627349450096
POSCAR_a-4.45_b-3.85_c-11.vasp
No dtype selected, switching to float32 to match model dtype.
***Total Energy from MACE: 4.45 3.85 11.142221 -35.577721646851636
POSCAR_a-4.75_b-4.4_c-11.vasp
No dtype selected, switching to float32 to match model dtype.
***Total Energy from MACE: 4.75 4.4 11.142221 -34.37362664720921
POSCAR_a-3.75_b-3.85_c-11.vasp
No dtype selected, switching to float32 to match model dtype.
***Total Energy from MACE: 3.75 3.85 11.142221 -34.75699777344609
POSCAR_a-3.95_b-3.95_c-11.vasp
No dtype selected, switching to float32 to match model dtype.
***Total Energy from MACE: 3.95 3.95 11.142221 -35.23543608978951
POSCAR_a-3.8000000000000003_b-4.55_c-11.vasp
No dtype selected, switching to float32 to match model dtype.
***Total Energy from MACE: 3.8000000000000003 4.55 11.142221 -35.55116322731966
POSCAR_a-4.25_b-4.1_c-11.vasp
No dtype selected, switching to float32 to match model dtype.
***Total Energy from MACE: 4.25 4.1 11.142221 -35.49327648341273
POSCAR_a-4.0_b-4.2_c-11.vasp
No dtype selected, switching to float32 to match model dtype.
***Total Energy from MACE: 4.0 4.2 11.142221 -35.54280775542227
POSCAR_a-4.35_b-4.7_c-11.vasp
No dtype selected, switching to float32 to match model dtype.
***Total Energy from MACE: 4.35 4.7 11.142221 -34.507908545806586
POSCAR_a-4.35_b-4.1_c-11.vasp
No dtype selected, switching to float32 to match model dtype.
***Total Energy from MACE: 4.35 4.1 11.142221 -35.43480629490251
POSCAR_a-4.2_b-4.6_c-11.vasp
No dtype selected, switching to float32 to match model dtype.
***Total Energy from MACE: 4.2 4.6 11.142221 -34.995463483105624
POSCAR_a-3.75_b-4.45_c-11.vasp
No dtype selected, switching to float32 to match model dtype.
***Total Energy from MACE: 3.75 4.45 11.142221 -35.54077818843138
POSCAR_a-4.5_b-4.6499999999999995_c-11.vasp
No dtype selected, switching to float32 to match model dtype.
***Total Energy from MACE: 4.5 4.6499999999999995 11.142221 -34.225918545798415
POSCAR_a-4.15_b-4.3_c-11.vasp
No dtype selected, switching to float32 to match model dtype.
***Total Energy from MACE: 4.15 4.3 11.142221 -35.40469561885294
POSCAR_a-3.75_b-4.4_c-11.vasp
No dtype selected, switching to float32 to match model dtype.
***Total Energy from MACE: 3.75 4.4 11.142221 -35.518001877611994
POSCAR_a-4.35_b-3.9_c-11.vasp
No dtype selected, switching to float32 to match model dtype.
***Total Energy from MACE: 4.35 3.9 11.142221 -35.58023020681577
POSCAR_a-4.15_b-3.9_c-11.vasp
No dtype selected, switching to float32 to match model dtype.
***Total Energy from MACE: 4.15 3.9 11.142221 -35.44120364598334
POSCAR_a-4.2_b-4.4_c-11.vasp
No dtype selected, switching to float32 to match model dtype.
***Total Energy from MACE: 4.2 4.4 11.142221 -35.22695424518491
POSCAR_a-4.7_b-4.6_c-11.vasp
No dtype selected, switching to float32 to match model dtype.
***Total Energy from MACE: 4.7 4.6 11.142221 -33.978513489345836
POSCAR_a-4.35_b-4.15_c-11.vasp
No dtype selected, switching to float32 to match model dtype.
***Total Energy from MACE: 4.35 4.15 11.142221 -35.36346391326073
POSCAR_a-4.6499999999999995_b-4.4_c-11.vasp
No dtype selected, switching to float32 to match model dtype.
***Total Energy from MACE: 4.6499999999999995 4.4 11.142221 -34.43952779910302
POSCAR_a-3.7_b-4.0_c-11.vasp
No dtype selected, switching to float32 to match model dtype.
***Total Energy from MACE: 3.7 4.0 11.142221 -34.924492398078804
POSCAR_a-4.45_b-3.75_c-11.vasp
No dtype selected, switching to float32 to match model dtype.
***Total Energy from MACE: 4.45 3.75 11.142221 -35.54078263366613
POSCAR_a-4.35_b-4.45_c-11.vasp
No dtype selected, switching to float32 to match model dtype.
***Total Energy from MACE: 4.35 4.45 11.142221 -34.84405663950726
POSCAR_a-3.75_b-3.8000000000000003_c-11.vasp
No dtype selected, switching to float32 to match model dtype.
***Total Energy from MACE: 3.75 3.8000000000000003 11.142221 -33.92800855360501
POSCAR_a-4.05_b-3.9_c-11.vasp
No dtype selected, switching to float32 to match model dtype.
***Total Energy from MACE: 4.05 3.9 11.142221 -35.3114949202091
POSCAR_a-4.75_b-4.6499999999999995_c-11.vasp
No dtype selected, switching to float32 to match model dtype.
***Total Energy from MACE: 4.75 4.6499999999999995 11.142221 -33.83556860704293
POSCAR_a-4.75_b-4.15_c-11.vasp
No dtype selected, switching to float32 to match model dtype.
***Total Energy from MACE: 4.75 4.15 11.142221 -34.95601317205763
POSCAR_a-3.95_b-3.8000000000000003_c-11.vasp
No dtype selected, switching to float32 to match model dtype.
***Total Energy from MACE: 3.95 3.8000000000000003 11.142221 -34.81716182134159
POSCAR_a-4.2_b-4.35_c-11.vasp
No dtype selected, switching to float32 to match model dtype.
***Total Energy from MACE: 4.2 4.35 11.142221 -35.28069363592965
POSCAR_a-4.5_b-4.75_c-11.vasp
No dtype selected, switching to float32 to match model dtype.
***Total Energy from MACE: 4.5 4.75 11.142221 -34.16548312732392
POSCAR_a-3.8000000000000003_b-4.15_c-11.vasp
No dtype selected, switching to float32 to match model dtype.
***Total Energy from MACE: 3.8000000000000003 4.15 11.142221 -35.31351148890786
POSCAR_a-4.6_b-3.7_c-11.vasp
No dtype selected, switching to float32 to match model dtype.
***Total Energy from MACE: 4.6 3.7 11.142221 -35.50680280598228
POSCAR_a-3.95_b-4.1_c-11.vasp
No dtype selected, switching to float32 to match model dtype.
***Total Energy from MACE: 3.95 4.1 11.142221 -35.427008678801386
POSCAR_a-3.9_b-4.2_c-11.vasp
No dtype selected, switching to float32 to match model dtype.
***Total Energy from MACE: 3.9 4.2 11.142221 -35.49822074775744
POSCAR_a-4.0_b-3.75_c-11.vasp
No dtype selected, switching to float32 to match model dtype.
***Total Energy from MACE: 4.0 3.75 11.142221 -34.98825802409473
POSCAR_a-3.9_b-4.8_c-11.vasp
No dtype selected, switching to float32 to match model dtype.
***Total Energy from MACE: 3.9 4.8 11.142221 -35.27358382967649
POSCAR_a-4.55_b-4.05_c-11.vasp
No dtype selected, switching to float32 to match model dtype.
***Total Energy from MACE: 4.55 4.05 11.142221 -35.318163264968895
POSCAR_a-4.6499999999999995_b-3.9_c-11.vasp
No dtype selected, switching to float32 to match model dtype.
***Total Energy from MACE: 4.6499999999999995 3.9 11.142221 -35.41276836968775
POSCAR_a-3.95_b-4.7_c-11.vasp
No dtype selected, switching to float32 to match model dtype.
***Total Energy from MACE: 3.95 4.7 11.142221 -35.30443387397619
POSCAR_a-3.75_b-4.05_c-11.vasp
No dtype selected, switching to float32 to match model dtype.
***Total Energy from MACE: 3.75 4.05 11.142221 -35.082020764136765
POSCAR_a-3.7_b-4.1_c-11.vasp
No dtype selected, switching to float32 to match model dtype.
***Total Energy from MACE: 3.7 4.1 11.142221 -35.076552927101304
POSCAR_a-4.45_b-3.8000000000000003_c-11.vasp
No dtype selected, switching to float32 to match model dtype.
***Total Energy from MACE: 4.45 3.8000000000000003 11.142221 -35.572643932560084
POSCAR_a-4.8_b-3.95_c-11.vasp
No dtype selected, switching to float32 to match model dtype.
***Total Energy from MACE: 4.8 3.95 11.142221 -35.215430396572195
POSCAR_a-4.3_b-4.3_c-11.vasp
No dtype selected, switching to float32 to match model dtype.
***Total Energy from MACE: 4.3 4.3 11.142221 -34.71490107254609
POSCAR_a-4.15_b-4.7_c-11.vasp
No dtype selected, switching to float32 to match model dtype.
***Total Energy from MACE: 4.15 4.7 11.142221 -34.99455664631009
POSCAR_a-3.95_b-4.5_c-11.vasp
No dtype selected, switching to float32 to match model dtype.
***Total Energy from MACE: 3.95 4.5 11.142221 -35.493338131389535
POSCAR_a-3.9_b-4.35_c-11.vasp
No dtype selected, switching to float32 to match model dtype.
***Total Energy from MACE: 3.9 4.35 11.142221 -35.58022913579951
POSCAR_a-4.0_b-4.55_c-11.vasp
No dtype selected, switching to float32 to match model dtype.
***Total Energy from MACE: 4.0 4.55 11.142221 -35.39015075641194
POSCAR_a-4.55_b-3.85_c-11.vasp
No dtype selected, switching to float32 to match model dtype.
***Total Energy from MACE: 4.55 3.85 11.142221 -35.53517740850153
POSCAR_a-4.5_b-4.7_c-11.vasp
No dtype selected, switching to float32 to match model dtype.
***Total Energy from MACE: 4.5 4.7 11.142221 -34.19579758750793
POSCAR_a-3.95_b-4.75_c-11.vasp
No dtype selected, switching to float32 to match model dtype.
***Total Energy from MACE: 3.95 4.75 11.142221 -35.25758617140791
POSCAR_a-3.9_b-3.85_c-11.vasp
No dtype selected, switching to float32 to match model dtype.
***Total Energy from MACE: 3.9 3.85 11.142221 -34.99925449438891
POSCAR_a-4.6_b-4.25_c-11.vasp
No dtype selected, switching to float32 to match model dtype.
***Total Energy from MACE: 4.6 4.25 11.142221 -34.894978218057716
POSCAR_a-4.05_b-4.2_c-11.vasp
No dtype selected, switching to float32 to match model dtype.
***Total Energy from MACE: 4.05 4.2 11.142221 -35.534878989260804
POSCAR_a-4.35_b-4.6_c-11.vasp
No dtype selected, switching to float32 to match model dtype.
***Total Energy from MACE: 4.35 4.6 11.142221 -34.59075717860065
POSCAR_a-3.85_b-3.7_c-11.vasp
No dtype selected, switching to float32 to match model dtype.
***Total Energy from MACE: 3.85 3.7 11.142221 -33.935731593699934
POSCAR_a-3.85_b-4.2_c-11.vasp
No dtype selected, switching to float32 to match model dtype.
***Total Energy from MACE: 3.85 4.2 11.142221 -35.44700202855784
POSCAR_a-4.45_b-4.45_c-11.vasp
No dtype selected, switching to float32 to match model dtype.
***Total Energy from MACE: 4.45 4.45 11.142221 -33.848033352624476
POSCAR_a-4.6_b-3.8000000000000003_c-11.vasp
No dtype selected, switching to float32 to match model dtype.
***Total Energy from MACE: 4.6 3.8000000000000003 11.142221 -35.524302433597605
POSCAR_a-4.35_b-3.75_c-11.vasp
No dtype selected, switching to float32 to match model dtype.
***Total Energy from MACE: 4.35 3.75 11.142221 -35.47990467601802
POSCAR_a-4.25_b-3.85_c-11.vasp
No dtype selected, switching to float32 to match model dtype.
***Total Energy from MACE: 4.25 3.85 11.142221 -35.503295167326826
POSCAR_a-4.7_b-3.8000000000000003_c-11.vasp
No dtype selected, switching to float32 to match model dtype.
***Total Energy from MACE: 4.7 3.8000000000000003 11.142221 -35.44826858169638
POSCAR_a-3.95_b-4.45_c-11.vasp
No dtype selected, switching to float32 to match model dtype.
***Total Energy from MACE: 3.95 4.45 11.142221 -35.52776527037801
POSCAR_a-3.95_b-3.9_c-11.vasp
No dtype selected, switching to float32 to match model dtype.
***Total Energy from MACE: 3.95 3.9 11.142221 -35.1766984902091
POSCAR_a-3.75_b-4.8_c-11.vasp
No dtype selected, switching to float32 to match model dtype.
***Total Energy from MACE: 3.75 4.8 11.142221 -35.38254056399901
POSCAR_a-4.0_b-4.15_c-11.vasp
No dtype selected, switching to float32 to match model dtype.
***Total Energy from MACE: 4.0 4.15 11.142221 -35.51291336579343
POSCAR_a-4.4_b-4.15_c-11.vasp
No dtype selected, switching to float32 to match model dtype.
***Total Energy from MACE: 4.4 4.15 11.142221 -35.31553452640404
POSCAR_a-4.5_b-4.25_c-11.vasp
No dtype selected, switching to float32 to match model dtype.
***Total Energy from MACE: 4.5 4.25 11.142221 -35.00649362646461
POSCAR_a-4.05_b-4.35_c-11.vasp
No dtype selected, switching to float32 to match model dtype.
***Total Energy from MACE: 4.05 4.35 11.142221 -35.49365309143197
POSCAR_a-4.05_b-4.05_c-11.vasp
No dtype selected, switching to float32 to match model dtype.
***Total Energy from MACE: 4.05 4.05 11.142221 -35.35329112553524
POSCAR_a-4.75_b-4.3_c-11.vasp
No dtype selected, switching to float32 to match model dtype.
***Total Energy from MACE: 4.75 4.3 11.142221 -34.57309623029282
POSCAR_a-4.35_b-4.2_c-11.vasp
No dtype selected, switching to float32 to match model dtype.
***Total Energy from MACE: 4.35 4.2 11.142221 -35.280691600202196
POSCAR_a-4.25_b-4.2_c-11.vasp
No dtype selected, switching to float32 to match model dtype.
***Total Energy from MACE: 4.25 4.2 11.142221 -35.3696623939185
POSCAR_a-4.75_b-4.6_c-11.vasp
No dtype selected, switching to float32 to match model dtype.
***Total Energy from MACE: 4.75 4.6 11.142221 -33.94762644216404
POSCAR_a-4.1_b-4.3_c-11.vasp
No dtype selected, switching to float32 to match model dtype.
***Total Energy from MACE: 4.1 4.3 11.142221 -35.468488705412014
POSCAR_a-3.75_b-4.15_c-11.vasp
No dtype selected, switching to float32 to match model dtype.
***Total Energy from MACE: 3.75 4.15 11.142221 -35.23694360547948
POSCAR_a-3.95_b-4.2_c-11.vasp
No dtype selected, switching to float32 to match model dtype.
***Total Energy from MACE: 3.95 4.2 11.142221 -35.530390359474744
POSCAR_a-4.3_b-4.0_c-11.vasp
No dtype selected, switching to float32 to match model dtype.
***Total Energy from MACE: 4.3 4.0 11.142221 -35.55342370961781
POSCAR_a-3.95_b-4.35_c-11.vasp
No dtype selected, switching to float32 to match model dtype.
***Total Energy from MACE: 3.95 4.35 11.142221 -35.56837034350413
POSCAR_a-4.6_b-4.6_c-11.vasp
No dtype selected, switching to float32 to match model dtype.
***Total Energy from MACE: 4.6 4.6 11.142221 -32.578200260330846
POSCAR_a-4.6_b-4.1_c-11.vasp
No dtype selected, switching to float32 to match model dtype.
***Total Energy from MACE: 4.6 4.1 11.142221 -35.18092145040861
POSCAR_a-4.25_b-4.6_c-11.vasp
No dtype selected, switching to float32 to match model dtype.
***Total Energy from MACE: 4.25 4.6 11.142221 -34.89497263897019
POSCAR_a-4.4_b-4.0_c-11.vasp
No dtype selected, switching to float32 to match model dtype.
***Total Energy from MACE: 4.4 4.0 11.142221 -35.51346237221644
POSCAR_a-3.95_b-4.55_c-11.vasp
No dtype selected, switching to float32 to match model dtype.
***Total Energy from MACE: 3.95 4.55 11.142221 -35.451648030897694
POSCAR_a-4.8_b-4.0_c-11.vasp
No dtype selected, switching to float32 to match model dtype.
***Total Energy from MACE: 4.8 4.0 11.142221 -35.15044120650273
POSCAR_a-4.35_b-4.4_c-11.vasp
No dtype selected, switching to float32 to match model dtype.
***Total Energy from MACE: 4.35 4.4 11.142221 -34.9083793670565
POSCAR_a-4.4_b-4.8_c-11.vasp
No dtype selected, switching to float32 to match model dtype.
***Total Energy from MACE: 4.4 4.8 11.142221 -34.3425262017603
POSCAR_a-4.6499999999999995_b-4.35_c-11.vasp
No dtype selected, switching to float32 to match model dtype.
***Total Energy from MACE: 4.6499999999999995 4.35 11.142221 -34.545793947243915
POSCAR_a-3.85_b-4.7_c-11.vasp
No dtype selected, switching to float32 to match model dtype.
***Total Energy from MACE: 3.85 4.7 11.142221 -35.41337870725547
POSCAR_a-4.6_b-4.35_c-11.vasp
No dtype selected, switching to float32 to match model dtype.
***Total Energy from MACE: 4.6 4.35 11.142221 -34.59075724134195
POSCAR_a-4.6499999999999995_b-4.2_c-11.vasp
No dtype selected, switching to float32 to match model dtype.
***Total Energy from MACE: 4.6499999999999995 4.2 11.142221 -34.946383793957146
POSCAR_a-3.75_b-4.1_c-11.vasp
No dtype selected, switching to float32 to match model dtype.
***Total Energy from MACE: 3.75 4.1 11.142221 -35.16571237529617
POSCAR_a-4.1_b-4.6_c-11.vasp
No dtype selected, switching to float32 to match model dtype.
***Total Energy from MACE: 4.1 4.6 11.142221 -35.180926528161066
POSCAR_a-4.55_b-3.7_c-11.vasp
No dtype selected, switching to float32 to match model dtype.
***Total Energy from MACE: 4.55 3.7 11.142221 -35.511840302429825
POSCAR_a-4.55_b-4.55_c-11.vasp
No dtype selected, switching to float32 to match model dtype.
***Total Energy from MACE: 4.55 4.55 11.142221 -33.03169944286599
POSCAR_a-4.25_b-4.4_c-11.vasp
No dtype selected, switching to float32 to match model dtype.
***Total Energy from MACE: 4.25 4.4 11.142221 -35.129140304450274
POSCAR_a-4.7_b-3.7_c-11.vasp
No dtype selected, switching to float32 to match model dtype.
***Total Energy from MACE: 4.7 3.7 11.142221 -35.461060481011664
POSCAR_a-4.2_b-4.1_c-11.vasp
No dtype selected, switching to float32 to match model dtype.
***Total Energy from MACE: 4.2 4.1 11.142221 -35.50761945646423
POSCAR_a-4.45_b-4.25_c-11.vasp
No dtype selected, switching to float32 to match model dtype.
***Total Energy from MACE: 4.45 4.25 11.142221 -35.06794918670931
POSCAR_a-3.9_b-3.8000000000000003_c-11.vasp
No dtype selected, switching to float32 to match model dtype.
***Total Energy from MACE: 3.9 3.8000000000000003 11.142221 -34.64005207692204
POSCAR_a-3.75_b-4.7_c-11.vasp
No dtype selected, switching to float32 to match model dtype.
***Total Energy from MACE: 3.75 4.7 11.142221 -35.465347011767086
POSCAR_a-4.05_b-4.0_c-11.vasp
No dtype selected, switching to float32 to match model dtype.
***Total Energy from MACE: 4.05 4.0 11.142221 -35.40728665306432
POSCAR_a-4.05_b-4.6499999999999995_c-11.vasp
No dtype selected, switching to float32 to match model dtype.
***Total Energy from MACE: 4.05 4.6499999999999995 11.142221 -35.210787442617686
POSCAR_a-3.95_b-3.7_c-11.vasp
No dtype selected, switching to float32 to match model dtype.
***Total Energy from MACE: 3.95 3.7 11.142221 -34.84383558322101
POSCAR_a-3.9_b-4.15_c-11.vasp
No dtype selected, switching to float32 to match model dtype.
***Total Energy from MACE: 3.9 4.15 11.142221 -35.44120109851862
POSCAR_a-3.8000000000000003_b-4.35_c-11.vasp
No dtype selected, switching to float32 to match model dtype.
***Total Energy from MACE: 3.8000000000000003 4.35 11.142221 -35.53671098264612
POSCAR_a-4.6_b-4.0_c-11.vasp
No dtype selected, switching to float32 to match model dtype.
***Total Energy from MACE: 4.6 4.0 11.142221 -35.33879642496513
POSCAR_a-4.15_b-3.75_c-11.vasp
No dtype selected, switching to float32 to match model dtype.
***Total Energy from MACE: 4.15 3.75 11.142221 -35.23694352772368
POSCAR_a-4.0_b-3.95_c-11.vasp
No dtype selected, switching to float32 to match model dtype.
***Total Energy from MACE: 4.0 3.95 11.142221 -35.29938882360495
POSCAR_a-4.15_b-4.75_c-11.vasp
No dtype selected, switching to float32 to match model dtype.
***Total Energy from MACE: 4.15 4.75 11.142221 -34.95601351702208
POSCAR_a-4.8_b-3.85_c-11.vasp
No dtype selected, switching to float32 to match model dtype.
***Total Energy from MACE: 4.8 3.85 11.142221 -35.322721953838325
POSCAR_a-4.8_b-4.35_c-11.vasp
No dtype selected, switching to float32 to match model dtype.
***Total Energy from MACE: 4.8 4.35 11.142221 -34.44368624220994
POSCAR_a-3.8000000000000003_b-3.95_c-11.vasp
No dtype selected, switching to float32 to match model dtype.
***Total Energy from MACE: 3.8000000000000003 3.95 11.142221 -34.832112829123254
POSCAR_a-4.35_b-4.35_c-11.vasp
No dtype selected, switching to float32 to match model dtype.
***Total Energy from MACE: 4.35 4.35 11.142221 -34.48158329575864
POSCAR_a-4.5_b-3.7_c-11.vasp
No dtype selected, switching to float32 to match model dtype.
***Total Energy from MACE: 4.5 3.7 11.142221 -35.505044093471206
POSCAR_a-4.6_b-4.45_c-11.vasp
No dtype selected, switching to float32 to match model dtype.
***Total Energy from MACE: 4.6 4.45 11.142221 -34.367967083969475
POSCAR_a-4.05_b-4.55_c-11.vasp
No dtype selected, switching to float32 to match model dtype.
***Total Energy from MACE: 4.05 4.55 11.142221 -35.318162201861334
POSCAR_a-3.8000000000000003_b-4.25_c-11.vasp
No dtype selected, switching to float32 to match model dtype.
***Total Energy from MACE: 3.8000000000000003 4.25 11.142221 -35.44425321137754
POSCAR_a-4.35_b-4.5_c-11.vasp
No dtype selected, switching to float32 to match model dtype.
***Total Energy from MACE: 4.35 4.5 11.142221 -34.7836680910291
POSCAR_a-4.25_b-4.55_c-11.vasp
No dtype selected, switching to float32 to match model dtype.
***Total Energy from MACE: 4.25 4.55 11.142221 -34.94793062809684
POSCAR_a-4.6499999999999995_b-4.7_c-11.vasp
No dtype selected, switching to float32 to match model dtype.
***Total Energy from MACE: 4.6499999999999995 4.7 11.142221 -31.851076362181253
POSCAR_a-4.05_b-4.3_c-11.vasp
No dtype selected, switching to float32 to match model dtype.
***Total Energy from MACE: 4.05 4.3 11.142221 -35.51859967472201
POSCAR_a-4.35_b-3.85_c-11.vasp
No dtype selected, switching to float32 to match model dtype.
***Total Energy from MACE: 4.35 3.85 11.142221 -35.571258926882706
POSCAR_a-3.7_b-4.8_c-11.vasp
No dtype selected, switching to float32 to match model dtype.
***Total Energy from MACE: 3.7 4.8 11.142221 -35.3869163623126
POSCAR_a-4.55_b-4.0_c-11.vasp
No dtype selected, switching to float32 to match model dtype.
***Total Energy from MACE: 4.55 4.0 11.142221 -35.39014414081778
POSCAR_a-3.8000000000000003_b-4.6_c-11.vasp
No dtype selected, switching to float32 to match model dtype.
***Total Energy from MACE: 3.8000000000000003 4.6 11.142221 -35.52430193647389
POSCAR_a-3.9_b-3.95_c-11.vasp
No dtype selected, switching to float32 to match model dtype.
***Total Energy from MACE: 3.9 3.95 11.142221 -35.17670943329345
POSCAR_a-4.8_b-4.25_c-11.vasp
No dtype selected, switching to float32 to match model dtype.
***Total Energy from MACE: 4.8 4.25 11.142221 -34.63479601280752
POSCAR_a-3.85_b-3.95_c-11.vasp
No dtype selected, switching to float32 to match model dtype.
***Total Energy from MACE: 3.85 3.95 11.142221 -35.09813757198766
POSCAR_a-3.75_b-3.95_c-11.vasp
No dtype selected, switching to float32 to match model dtype.
***Total Energy from MACE: 3.75 3.95 11.142221 -34.65099966278596
POSCAR_a-4.6_b-4.7_c-11.vasp
No dtype selected, switching to float32 to match model dtype.
***Total Energy from MACE: 4.6 4.7 11.142221 -33.978513793408666
POSCAR_a-4.15_b-3.8000000000000003_c-11.vasp
No dtype selected, switching to float32 to match model dtype.
***Total Energy from MACE: 4.15 3.8000000000000003 11.142221 -35.3135194294895
POSCAR_a-4.25_b-3.9_c-11.vasp
No dtype selected, switching to float32 to match model dtype.
***Total Energy from MACE: 4.25 3.9 11.142221 -35.54172507719667
POSCAR_a-4.05_b-4.7_c-11.vasp
No dtype selected, switching to float32 to match model dtype.
***Total Energy from MACE: 4.05 4.7 11.142221 -35.161416053242625
POSCAR_a-3.95_b-3.85_c-11.vasp
No dtype selected, switching to float32 to match model dtype.
***Total Energy from MACE: 3.95 3.85 11.142221 -35.09814171510281
POSCAR_a-4.7_b-4.25_c-11.vasp
No dtype selected, switching to float32 to match model dtype.
***Total Energy from MACE: 4.7 4.25 11.142221 -34.81041369229571
POSCAR_a-4.8_b-4.1_c-11.vasp
No dtype selected, switching to float32 to match model dtype.
***Total Energy from MACE: 4.8 4.1 11.142221 -35.00385937528283
POSCAR_a-4.3_b-4.75_c-11.vasp
No dtype selected, switching to float32 to match model dtype.
***Total Energy from MACE: 4.3 4.75 11.142221 -34.57294558079965
POSCAR_a-4.35_b-4.8_c-11.vasp
No dtype selected, switching to float32 to match model dtype.
***Total Energy from MACE: 4.35 4.8 11.142221 -32.74678750620631
POSCAR_a-4.35_b-4.05_c-11.vasp
No dtype selected, switching to float32 to match model dtype.
***Total Energy from MACE: 4.35 4.05 11.142221 -35.493653899794325
POSCAR_a-4.1_b-3.7_c-11.vasp
No dtype selected, switching to float32 to match model dtype.
***Total Energy from MACE: 4.1 3.7 11.142221 -35.07651809895033
POSCAR_a-4.6499999999999995_b-4.75_c-11.vasp
No dtype selected, switching to float32 to match model dtype.
***Total Energy from MACE: 4.6499999999999995 4.75 11.142221 -33.835527306028965
POSCAR_a-4.15_b-4.05_c-11.vasp
No dtype selected, switching to float32 to match model dtype.
***Total Energy from MACE: 4.15 4.05 11.142221 -35.521261345545994
POSCAR_a-4.4_b-4.75_c-11.vasp
No dtype selected, switching to float32 to match model dtype.
***Total Energy from MACE: 4.4 4.75 11.142221 -34.37362687437974
POSCAR_a-4.15_b-4.2_c-11.vasp
No dtype selected, switching to float32 to match model dtype.
***Total Energy from MACE: 4.15 4.2 11.142221 -35.4629846418905
POSCAR_a-4.7_b-4.6499999999999995_c-11.vasp
No dtype selected, switching to float32 to match model dtype.
***Total Energy from MACE: 4.7 4.6499999999999995 11.142221 -31.851029725427036
POSCAR_a-3.7_b-4.3_c-11.vasp
No dtype selected, switching to float32 to match model dtype.
***Total Energy from MACE: 3.7 4.3 11.142221 -35.33890991170659
POSCAR_a-4.8_b-4.6_c-11.vasp
No dtype selected, switching to float32 to match model dtype.
***Total Energy from MACE: 4.8 4.6 11.142221 -33.91560894840416
POSCAR_a-3.8000000000000003_b-4.75_c-11.vasp
No dtype selected, switching to float32 to match model dtype.
***Total Energy from MACE: 3.8000000000000003 4.75 11.142221 -35.404089994832994
POSCAR_a-4.7_b-4.8_c-11.vasp
No dtype selected, switching to float32 to match model dtype.
***Total Energy from MACE: 4.7 4.8 11.142221 -31.073494105843565
POSCAR_a-4.15_b-4.5_c-11.vasp
No dtype selected, switching to float32 to match model dtype.
***Total Energy from MACE: 4.15 4.5 11.142221 -35.20528718884043
POSCAR_a-4.7_b-4.4_c-11.vasp
No dtype selected, switching to float32 to match model dtype.
***Total Energy from MACE: 4.7 4.4 11.142221 -34.40528011604128
POSCAR_a-4.25_b-3.95_c-11.vasp
No dtype selected, switching to float32 to match model dtype.
***Total Energy from MACE: 4.25 3.95 11.142221 -35.55900069319692
POSCAR_a-4.15_b-4.25_c-11.vasp
No dtype selected, switching to float32 to match model dtype.
***Total Energy from MACE: 4.15 4.25 11.142221 -35.438244482420195
POSCAR_a-4.0_b-4.5_c-11.vasp
No dtype selected, switching to float32 to match model dtype.
***Total Energy from MACE: 4.0 4.5 11.142221 -35.43771450505231
POSCAR_a-4.6_b-4.6499999999999995_c-11.vasp
No dtype selected, switching to float32 to match model dtype.
***Total Energy from MACE: 4.6 4.6499999999999995 11.142221 -34.00826236939444
POSCAR_a-4.5_b-3.9_c-11.vasp
No dtype selected, switching to float32 to match model dtype.
***Total Energy from MACE: 4.5 3.9 11.142221 -35.53553582397866
POSCAR_a-4.15_b-4.35_c-11.vasp
No dtype selected, switching to float32 to match model dtype.
***Total Energy from MACE: 4.15 4.35 11.142221 -35.36346391579989
POSCAR_a-4.0_b-4.75_c-11.vasp
No dtype selected, switching to float32 to match model dtype.
***Total Energy from MACE: 4.0 4.75 11.142221 -35.19041100270261
POSCAR_a-4.6_b-3.9_c-11.vasp
No dtype selected, switching to float32 to match model dtype.
***Total Energy from MACE: 4.6 3.9 11.142221 -35.45925135868451
POSCAR_a-4.6499999999999995_b-3.85_c-11.vasp
No dtype selected, switching to float32 to match model dtype.
***Total Energy from MACE: 4.6499999999999995 3.85 11.142221 -35.45887881692297
POSCAR_a-4.3_b-4.55_c-11.vasp
No dtype selected, switching to float32 to match model dtype.
***Total Energy from MACE: 4.3 4.55 11.142221 -34.84067146574237
POSCAR_a-4.1_b-4.6499999999999995_c-11.vasp
No dtype selected, switching to float32 to match model dtype.
***Total Energy from MACE: 4.1 4.6499999999999995 11.142221 -35.128151010414385
POSCAR_a-4.75_b-4.45_c-11.vasp
No dtype selected, switching to float32 to match model dtype.
***Total Energy from MACE: 4.75 4.45 11.142221 -34.27076276428332
POSCAR_a-4.35_b-4.6499999999999995_c-11.vasp
No dtype selected, switching to float32 to match model dtype.
***Total Energy from MACE: 4.35 4.6499999999999995 11.142221 -34.54579777707791
POSCAR_a-4.45_b-4.5_c-11.vasp
No dtype selected, switching to float32 to match model dtype.
***Total Energy from MACE: 4.45 4.5 11.142221 -34.459453146271954
POSCAR_a-4.7_b-4.05_c-11.vasp
No dtype selected, switching to float32 to match model dtype.
***Total Energy from MACE: 4.7 4.05 11.142221 -35.16141731904112
POSCAR_a-3.7_b-4.5_c-11.vasp
No dtype selected, switching to float32 to match model dtype.
***Total Energy from MACE: 3.7 4.5 11.142221 -35.50505146289479
POSCAR_a-4.6_b-4.4_c-11.vasp
No dtype selected, switching to float32 to match model dtype.
***Total Energy from MACE: 4.6 4.4 11.142221 -34.47893796709795
POSCAR_a-4.3_b-3.7_c-11.vasp
No dtype selected, switching to float32 to match model dtype.
***Total Energy from MACE: 4.3 3.7 11.142221 -35.338913695541606
POSCAR_a-4.45_b-4.15_c-11.vasp
No dtype selected, switching to float32 to match model dtype.
***Total Energy from MACE: 4.45 4.15 11.142221 -35.26218786938748
POSCAR_a-4.15_b-4.6499999999999995_c-11.vasp
No dtype selected, switching to float32 to match model dtype.
***Total Energy from MACE: 4.15 4.6499999999999995 11.142221 -35.039720292229994
POSCAR_a-4.55_b-4.4_c-11.vasp
No dtype selected, switching to float32 to match model dtype.
***Total Energy from MACE: 4.55 4.4 11.142221 -34.526344957421095
POSCAR_a-4.1_b-3.95_c-11.vasp
No dtype selected, switching to float32 to match model dtype.
***Total Energy from MACE: 4.1 3.95 11.142221 -35.42701169373743
POSCAR_a-4.55_b-4.3_c-11.vasp
No dtype selected, switching to float32 to match model dtype.
***Total Energy from MACE: 4.55 4.3 11.142221 -34.840669371046246
POSCAR_a-3.85_b-4.0_c-11.vasp
No dtype selected, switching to float32 to match model dtype.
***Total Energy from MACE: 3.85 4.0 11.142221 -35.181490639200476
POSCAR_a-4.2_b-4.2_c-11.vasp
No dtype selected, switching to float32 to match model dtype.
***Total Energy from MACE: 4.2 4.2 11.142221 -35.12427613395737
POSCAR_a-3.95_b-4.05_c-11.vasp
No dtype selected, switching to float32 to match model dtype.
***Total Energy from MACE: 3.95 4.05 11.142221 -35.36008880096846
POSCAR_a-3.95_b-4.4_c-11.vasp
No dtype selected, switching to float32 to match model dtype.
***Total Energy from MACE: 3.95 4.4 11.142221 -35.55328599887764
POSCAR_a-4.6_b-3.75_c-11.vasp
No dtype selected, switching to float32 to match model dtype.
***Total Energy from MACE: 4.6 3.75 11.142221 -35.527662176242565
POSCAR_a-4.05_b-4.75_c-11.vasp
No dtype selected, switching to float32 to match model dtype.
***Total Energy from MACE: 4.05 4.75 11.142221 -35.11753772109587
POSCAR_a-4.1_b-4.0_c-11.vasp
No dtype selected, switching to float32 to match model dtype.
***Total Energy from MACE: 4.1 4.0 11.142221 -35.46644327102801
POSCAR_a-4.1_b-4.75_c-11.vasp
No dtype selected, switching to float32 to match model dtype.
***Total Energy from MACE: 4.1 4.75 11.142221 -35.039147433812815
POSCAR_a-4.6499999999999995_b-4.15_c-11.vasp
No dtype selected, switching to float32 to match model dtype.
***Total Energy from MACE: 4.6499999999999995 4.15 11.142221 -35.03972963770211
POSCAR_a-4.25_b-3.8000000000000003_c-11.vasp
No dtype selected, switching to float32 to match model dtype.
***Total Energy from MACE: 4.25 3.8000000000000003 11.142221 -35.4442572878518
POSCAR_a-3.75_b-4.35_c-11.vasp
No dtype selected, switching to float32 to match model dtype.
***Total Energy from MACE: 3.75 4.35 11.142221 -35.479896134566914
POSCAR_a-4.0_b-4.45_c-11.vasp
No dtype selected, switching to float32 to match model dtype.
***Total Energy from MACE: 4.0 4.45 11.142221 -35.47933892093426
POSCAR_a-4.7_b-4.3_c-11.vasp
No dtype selected, switching to float32 to match model dtype.
***Total Energy from MACE: 4.7 4.3 11.142221 -34.604906591751615
POSCAR_a-4.3_b-4.6499999999999995_c-11.vasp
No dtype selected, switching to float32 to match model dtype.
***Total Energy from MACE: 4.3 4.6499999999999995 11.142221 -34.65181793184454
POSCAR_a-4.6499999999999995_b-4.3_c-11.vasp
No dtype selected, switching to float32 to match model dtype.
***Total Energy from MACE: 4.6499999999999995 4.3 11.142221 -34.6517982816359
POSCAR_a-4.15_b-4.45_c-11.vasp
No dtype selected, switching to float32 to match model dtype.
***Total Energy from MACE: 4.15 4.45 11.142221 -35.26218781640375
POSCAR_a-4.3_b-4.05_c-11.vasp
No dtype selected, switching to float32 to match model dtype.
***Total Energy from MACE: 4.3 4.05 11.142221 -35.51860036210525
POSCAR_a-4.4_b-3.85_c-11.vasp
No dtype selected, switching to float32 to match model dtype.
***Total Energy from MACE: 4.4 3.85 11.142221 -35.581635637264746
POSCAR_a-4.3_b-3.75_c-11.vasp
No dtype selected, switching to float32 to match model dtype.
***Total Energy from MACE: 4.3 3.75 11.142221 -35.42848454076575
POSCAR_a-4.0_b-4.8_c-11.vasp
No dtype selected, switching to float32 to match model dtype.
***Total Energy from MACE: 4.0 4.8 11.142221 -35.15044038112057
POSCAR_a-4.2_b-4.0_c-11.vasp
No dtype selected, switching to float32 to match model dtype.
***Total Energy from MACE: 4.2 4.0 11.142221 -35.54279809574848
POSCAR_a-4.25_b-4.25_c-11.vasp
No dtype selected, switching to float32 to match model dtype.
***Total Energy from MACE: 4.25 4.25 11.142221 -34.92790069202665
POSCAR_a-3.7_b-4.75_c-11.vasp
No dtype selected, switching to float32 to match model dtype.
***Total Energy from MACE: 3.7 4.75 11.142221 -35.42621397163131
POSCAR_a-4.45_b-3.95_c-11.vasp
No dtype selected, switching to float32 to match model dtype.
***Total Energy from MACE: 4.45 3.95 11.142221 -35.52775662424646
POSCAR_a-4.0_b-3.8000000000000003_c-11.vasp
No dtype selected, switching to float32 to match model dtype.
***Total Energy from MACE: 4.0 3.8000000000000003 11.142221 -35.09540566766697
POSCAR_a-4.15_b-4.15_c-11.vasp
No dtype selected, switching to float32 to match model dtype.
***Total Energy from MACE: 4.15 4.15 11.142221 -35.28027813252878
POSCAR_a-4.5_b-4.45_c-11.vasp
No dtype selected, switching to float32 to match model dtype.
***Total Energy from MACE: 4.5 4.45 11.142221 -34.45944144572658
POSCAR_a-4.55_b-4.45_c-11.vasp
No dtype selected, switching to float32 to match model dtype.
***Total Energy from MACE: 4.55 4.45 11.142221 -34.40910071918232
POSCAR_a-4.25_b-4.75_c-11.vasp
No dtype selected, switching to float32 to match model dtype.
***Total Energy from MACE: 4.25 4.75 11.142221 -34.670515445255006
POSCAR_a-3.85_b-4.55_c-11.vasp
No dtype selected, switching to float32 to match model dtype.
***Total Energy from MACE: 3.85 4.55 11.142221 -35.53517359901598
POSCAR_a-4.05_b-3.8000000000000003_c-11.vasp
No dtype selected, switching to float32 to match model dtype.
***Total Energy from MACE: 4.05 3.8000000000000003 11.142221 -35.17850114687799
POSCAR_a-4.2_b-4.3_c-11.vasp
No dtype selected, switching to float32 to match model dtype.
***Total Energy from MACE: 4.2 4.3 11.142221 -35.328566435763975
POSCAR_a-4.75_b-4.55_c-11.vasp
No dtype selected, switching to float32 to match model dtype.
***Total Energy from MACE: 4.75 4.55 11.142221 -34.05770777333359
POSCAR_a-4.5_b-3.95_c-11.vasp
No dtype selected, switching to float32 to match model dtype.
***Total Energy from MACE: 4.5 3.95 11.142221 -35.49334755951248
POSCAR_a-4.55_b-4.25_c-11.vasp
No dtype selected, switching to float32 to match model dtype.
***Total Energy from MACE: 4.55 4.25 11.142221 -34.947943999779326
POSCAR_a-3.85_b-4.5_c-11.vasp
No dtype selected, switching to float32 to match model dtype.
***Total Energy from MACE: 3.85 4.5 11.142221 -35.561603271191025
POSCAR_a-4.3_b-4.6_c-11.vasp
No dtype selected, switching to float32 to match model dtype.
***Total Energy from MACE: 4.3 4.6 11.142221 -34.69888365636139
POSCAR_a-4.05_b-4.4_c-11.vasp
No dtype selected, switching to float32 to match model dtype.
***Total Energy from MACE: 4.05 4.4 11.142221 -35.459756318353236
POSCAR_a-4.2_b-3.85_c-11.vasp
No dtype selected, switching to float32 to match model dtype.
***Total Energy from MACE: 4.2 3.85 11.142221 -35.446995486984996
POSCAR_a-4.8_b-4.55_c-11.vasp
No dtype selected, switching to float32 to match model dtype.
***Total Energy from MACE: 4.8 4.55 11.142221 -34.02604802061497
POSCAR_a-4.1_b-4.8_c-11.vasp
No dtype selected, switching to float32 to match model dtype.
***Total Energy from MACE: 4.1 4.8 11.142221 -35.00385966113777
POSCAR_a-4.2_b-4.8_c-11.vasp
No dtype selected, switching to float32 to match model dtype.
***Total Energy from MACE: 4.2 4.8 11.142221 -34.72780718986669
POSCAR_a-4.4_b-4.5_c-11.vasp
No dtype selected, switching to float32 to match model dtype.
***Total Energy from MACE: 4.4 4.5 11.142221 -34.66673439325615
POSCAR_a-4.6499999999999995_b-4.45_c-11.vasp
No dtype selected, switching to float32 to match model dtype.
***Total Energy from MACE: 4.6499999999999995 4.45 11.142221 -34.33303626728113
POSCAR_a-4.0_b-4.25_c-11.vasp
No dtype selected, switching to float32 to match model dtype.
***Total Energy from MACE: 4.0 4.25 11.142221 -35.555625912600746
POSCAR_a-3.7_b-3.9_c-11.vasp
No dtype selected, switching to float32 to match model dtype.
***Total Energy from MACE: 3.7 3.9 11.142221 -34.199775272295554
POSCAR_a-4.8_b-3.7_c-11.vasp
No dtype selected, switching to float32 to match model dtype.
***Total Energy from MACE: 4.8 3.7 11.142221 -35.38692117876986
POSCAR_a-4.1_b-3.8000000000000003_c-11.vasp
No dtype selected, switching to float32 to match model dtype.
***Total Energy from MACE: 4.1 3.8000000000000003 11.142221 -35.25009311204826
POSCAR_a-4.6499999999999995_b-4.1_c-11.vasp
No dtype selected, switching to float32 to match model dtype.
***Total Energy from MACE: 4.6499999999999995 4.1 11.142221 -35.128151549538345
POSCAR_a-4.5_b-4.1_c-11.vasp
No dtype selected, switching to float32 to match model dtype.
***Total Energy from MACE: 4.5 4.1 11.142221 -35.2925896297808
POSCAR_a-4.45_b-4.3_c-11.vasp
No dtype selected, switching to float32 to match model dtype.
***Total Energy from MACE: 4.45 4.3 11.142221 -34.95900708804377
POSCAR_a-3.9_b-4.4_c-11.vasp
No dtype selected, switching to float32 to match model dtype.
***Total Energy from MACE: 3.9 4.4 11.142221 -35.577063921376514
POSCAR_a-4.75_b-4.35_c-11.vasp
No dtype selected, switching to float32 to match model dtype.
***Total Energy from MACE: 4.75 4.35 11.142221 -34.47429362021553
POSCAR_a-3.8000000000000003_b-4.7_c-11.vasp
No dtype selected, switching to float32 to match model dtype.
***Total Energy from MACE: 3.8000000000000003 4.7 11.142221 -35.44827242973854
POSCAR_a-3.85_b-4.4_c-11.vasp
No dtype selected, switching to float32 to match model dtype.
***Total Energy from MACE: 3.85 4.4 11.142221 -35.5816303293602
POSCAR_a-4.1_b-3.75_c-11.vasp
No dtype selected, switching to float32 to match model dtype.
***Total Energy from MACE: 4.1 3.75 11.142221 -35.165678238486386
POSCAR_a-3.9_b-4.5_c-11.vasp
No dtype selected, switching to float32 to match model dtype.
***Total Energy from MACE: 3.9 4.5 11.142221 -35.53553774037042
POSCAR_a-4.7_b-4.7_c-11.vasp
No dtype selected, switching to float32 to match model dtype.
***Total Energy from MACE: 4.7 4.7 11.142221 -31.59896513181786
POSCAR_a-4.2_b-4.6499999999999995_c-11.vasp
No dtype selected, switching to float32 to match model dtype.
***Total Energy from MACE: 4.2 4.6499999999999995 11.142221 -34.94638250573999
POSCAR_a-3.75_b-4.2_c-11.vasp
No dtype selected, switching to float32 to match model dtype.
***Total Energy from MACE: 3.75 4.2 11.142221 -35.29015309258085
POSCAR_a-3.7_b-4.4_c-11.vasp
No dtype selected, switching to float32 to match model dtype.
***Total Energy from MACE: 3.7 4.4 11.142221 -35.44701699008078
POSCAR_a-4.4_b-4.2_c-11.vasp
No dtype selected, switching to float32 to match model dtype.
***Total Energy from MACE: 4.4 4.2 11.142221 -35.226957235480285
POSCAR_a-4.8_b-4.45_c-11.vasp
No dtype selected, switching to float32 to match model dtype.
***Total Energy from MACE: 4.8 4.45 11.142221 -34.239773412374944
POSCAR_a-4.5_b-4.05_c-11.vasp
No dtype selected, switching to float32 to match model dtype.
***Total Energy from MACE: 4.5 4.05 11.142221 -35.370423065459796
POSCAR_a-4.5_b-4.6_c-11.vasp
No dtype selected, switching to float32 to match model dtype.
***Total Energy from MACE: 4.5 4.6 11.142221 -34.257809226811524
POSCAR_a-4.45_b-4.6499999999999995_c-11.vasp
No dtype selected, switching to float32 to match model dtype.
***Total Energy from MACE: 4.45 4.6499999999999995 11.142221 -34.33304394130069
POSCAR_a-4.75_b-4.5_c-11.vasp
No dtype selected, switching to float32 to match model dtype.
***Total Energy from MACE: 4.75 4.5 11.142221 -34.16548395988395
POSCAR_a-3.95_b-4.8_c-11.vasp
No dtype selected, switching to float32 to match model dtype.
***Total Energy from MACE: 3.95 4.8 11.142221 -35.21544056303166
POSCAR_a-3.9_b-4.6499999999999995_c-11.vasp
No dtype selected, switching to float32 to match model dtype.
***Total Energy from MACE: 3.9 4.6499999999999995 11.142221 -35.412764243341925
POSCAR_a-3.75_b-4.0_c-11.vasp
No dtype selected, switching to float32 to match model dtype.
***Total Energy from MACE: 3.75 4.0 11.142221 -34.98829618982994
POSCAR_a-3.95_b-4.15_c-11.vasp
No dtype selected, switching to float32 to match model dtype.
***Total Energy from MACE: 3.95 4.15 11.142221 -35.48531096783971
POSCAR_a-4.6499999999999995_b-4.5_c-11.vasp
No dtype selected, switching to float32 to match model dtype.
***Total Energy from MACE: 4.6499999999999995 4.5 11.142221 -34.22591873489321
POSCAR_a-4.05_b-4.1_c-11.vasp
No dtype selected, switching to float32 to match model dtype.
***Total Energy from MACE: 4.05 4.1 11.142221 -35.49010423659168
POSCAR_a-4.55_b-3.9_c-11.vasp
No dtype selected, switching to float32 to match model dtype.
***Total Energy from MACE: 4.55 3.9 11.142221 -35.50088778559308
POSCAR_a-4.45_b-4.8_c-11.vasp
No dtype selected, switching to float32 to match model dtype.
***Total Energy from MACE: 4.45 4.8 11.142221 -34.23977326990704
POSCAR_a-4.2_b-3.8000000000000003_c-11.vasp
No dtype selected, switching to float32 to match model dtype.
***Total Energy from MACE: 4.2 3.8000000000000003 11.142221 -35.37428978663012
POSCAR_a-4.0_b-4.05_c-11.vasp
No dtype selected, switching to float32 to match model dtype.
***Total Energy from MACE: 4.0 4.05 11.142221 -35.407280607256
POSCAR_a-4.4_b-3.9_c-11.vasp
No dtype selected, switching to float32 to match model dtype.
***Total Energy from MACE: 4.4 3.9 11.142221 -35.57706308982865
POSCAR_a-4.25_b-4.45_c-11.vasp
No dtype selected, switching to float32 to match model dtype.
***Total Energy from MACE: 4.25 4.45 11.142221 -35.067944987755325
POSCAR_a-4.8_b-4.2_c-11.vasp
No dtype selected, switching to float32 to match model dtype.
***Total Energy from MACE: 4.8 4.2 11.142221 -34.725681839657426
POSCAR_a-3.7_b-4.15_c-11.vasp
No dtype selected, switching to float32 to match model dtype.
***Total Energy from MACE: 3.7 4.15 11.142221 -35.146652253990695
POSCAR_a-3.75_b-4.3_c-11.vasp
No dtype selected, switching to float32 to match model dtype.
***Total Energy from MACE: 3.75 4.3 11.142221 -35.4284776033083
POSCAR_a-3.8000000000000003_b-3.7_c-11.vasp
No dtype selected, switching to float32 to match model dtype.
***Total Energy from MACE: 3.8000000000000003 3.7 11.142221 -34.46730682320169
POSCAR_a-4.45_b-4.1_c-11.vasp
No dtype selected, switching to float32 to match model dtype.
***Total Energy from MACE: 4.45 4.1 11.142221 -35.345507858335644
POSCAR_a-4.25_b-4.35_c-11.vasp
No dtype selected, switching to float32 to match model dtype.
***Total Energy from MACE: 4.25 4.35 11.142221 -35.18733789892786
POSCAR_a-4.3_b-4.7_c-11.vasp
No dtype selected, switching to float32 to match model dtype.
***Total Energy from MACE: 4.3 4.7 11.142221 -34.60489855010155
POSCAR_a-4.0_b-4.1_c-11.vasp
No dtype selected, switching to float32 to match model dtype.
***Total Energy from MACE: 4.0 4.1 11.142221 -35.46644226453037
POSCAR_a-4.05_b-4.6_c-11.vasp
No dtype selected, switching to float32 to match model dtype.
***Total Energy from MACE: 4.05 4.6 11.142221 -35.263936427984866
POSCAR_a-4.0_b-4.7_c-11.vasp
No dtype selected, switching to float32 to match model dtype.
***Total Energy from MACE: 4.0 4.7 11.142221 -35.23636186659629
POSCAR_a-4.15_b-4.0_c-11.vasp
No dtype selected, switching to float32 to match model dtype.
***Total Energy from MACE: 4.15 4.0 11.142221 -35.51291400535225
POSCAR_a-4.05_b-4.15_c-11.vasp
No dtype selected, switching to float32 to match model dtype.
***Total Energy from MACE: 4.05 4.15 11.142221 -35.52126136801495
POSCAR_a-4.75_b-4.75_c-11.vasp
No dtype selected, switching to float32 to match model dtype.
***Total Energy from MACE: 4.75 4.75 11.142221 -31.077352796712027
POSCAR_a-3.9_b-3.9_c-11.vasp
No dtype selected, switching to float32 to match model dtype.
***Total Energy from MACE: 3.9 3.9 11.142221 -35.09113252434007
POSCAR_a-3.8000000000000003_b-4.45_c-11.vasp
No dtype selected, switching to float32 to match model dtype.
***Total Energy from MACE: 3.8000000000000003 4.45 11.142221 -35.572640255059
POSCAR_a-4.25_b-4.05_c-11.vasp
No dtype selected, switching to float32 to match model dtype.
***Total Energy from MACE: 4.25 4.05 11.142221 -35.53308761333482
POSCAR_a-3.75_b-4.75_c-11.vasp
No dtype selected, switching to float32 to match model dtype.
***Total Energy from MACE: 3.75 4.75 11.142221 -35.42500377935073
POSCAR_a-4.15_b-4.55_c-11.vasp
No dtype selected, switching to float32 to match model dtype.
***Total Energy from MACE: 4.15 4.55 11.142221 -35.1472851595723
POSCAR_a-4.5_b-4.8_c-11.vasp
No dtype selected, switching to float32 to match model dtype.
***Total Energy from MACE: 4.5 4.8 11.142221 -34.13418166000852
POSCAR_a-4.35_b-3.8000000000000003_c-11.vasp
No dtype selected, switching to float32 to match model dtype.
***Total Energy from MACE: 4.35 3.8000000000000003 11.142221 -35.53670271007938
POSCAR_a-4.05_b-4.5_c-11.vasp
No dtype selected, switching to float32 to match model dtype.
***Total Energy from MACE: 4.05 4.5 11.142221 -35.370427695371646
POSCAR_a-3.85_b-4.75_c-11.vasp
No dtype selected, switching to float32 to match model dtype.
***Total Energy from MACE: 3.85 4.75 11.142221 -35.366956192145196
POSCAR_a-4.7_b-4.75_c-11.vasp
No dtype selected, switching to float32 to match model dtype.
***Total Energy from MACE: 4.7 4.75 11.142221 -31.33949517555481
POSCAR_a-4.5_b-3.8000000000000003_c-11.vasp
No dtype selected, switching to float32 to match model dtype.
***Total Energy from MACE: 4.5 3.8000000000000003 11.142221 -35.567924368091035
POSCAR_a-4.0_b-4.4_c-11.vasp
No dtype selected, switching to float32 to match model dtype.
***Total Energy from MACE: 4.0 4.4 11.142221 -35.513459730712924
POSCAR_a-3.8000000000000003_b-4.2_c-11.vasp
No dtype selected, switching to float32 to match model dtype.
***Total Energy from MACE: 3.8000000000000003 4.2 11.142221 -35.374286427396356
POSCAR_a-4.0_b-3.85_c-11.vasp
No dtype selected, switching to float32 to match model dtype.
***Total Energy from MACE: 4.0 3.85 11.142221 -35.18147423767405
POSCAR_a-3.85_b-4.45_c-11.vasp
No dtype selected, switching to float32 to match model dtype.
***Total Energy from MACE: 3.85 4.45 11.142221 -35.57772754158699
POSCAR_a-4.75_b-3.9_c-11.vasp
No dtype selected, switching to float32 to match model dtype.
***Total Energy from MACE: 4.75 3.9 11.142221 -35.317063876068474
POSCAR_a-4.55_b-4.15_c-11.vasp
No dtype selected, switching to float32 to match model dtype.
***Total Energy from MACE: 4.55 4.15 11.142221 -35.14727828986389
POSCAR_a-4.05_b-3.7_c-11.vasp
No dtype selected, switching to float32 to match model dtype.
***Total Energy from MACE: 4.05 3.7 11.142221 -34.96450703598287
POSCAR_a-4.45_b-4.75_c-11.vasp
No dtype selected, switching to float32 to match model dtype.
***Total Energy from MACE: 4.45 4.75 11.142221 -34.270762135452415
POSCAR_a-4.2_b-4.7_c-11.vasp
No dtype selected, switching to float32 to match model dtype.
***Total Energy from MACE: 4.2 4.7 11.142221 -34.90337357427342
POSCAR_a-4.4_b-4.4_c-11.vasp
No dtype selected, switching to float32 to match model dtype.
***Total Energy from MACE: 4.4 4.4 11.142221 -34.19445048452119
POSCAR_a-4.6499999999999995_b-3.8000000000000003_c-11.vasp
No dtype selected, switching to float32 to match model dtype.
***Total Energy from MACE: 4.6499999999999995 3.8000000000000003 11.142221 -35.48927045762966
POSCAR_a-4.35_b-4.55_c-11.vasp
No dtype selected, switching to float32 to match model dtype.
***Total Energy from MACE: 4.35 4.55 11.142221 -34.73003170117561
POSCAR_a-4.55_b-4.5_c-11.vasp
No dtype selected, switching to float32 to match model dtype.
***Total Energy from MACE: 4.55 4.5 11.142221 -34.29400131664458
POSCAR_a-4.0_b-3.9_c-11.vasp
No dtype selected, switching to float32 to match model dtype.
***Total Energy from MACE: 4.0 3.9 11.142221 -35.2479582329441
POSCAR_a-3.8000000000000003_b-3.85_c-11.vasp
No dtype selected, switching to float32 to match model dtype.
***Total Energy from MACE: 3.8000000000000003 3.85 11.142221 -34.7743731211664
POSCAR_a-4.35_b-3.95_c-11.vasp
No dtype selected, switching to float32 to match model dtype.
***Total Energy from MACE: 4.35 3.95 11.142221 -35.568370877135216
POSCAR_a-4.35_b-4.3_c-11.vasp
No dtype selected, switching to float32 to match model dtype.
***Total Energy from MACE: 4.35 4.3 11.142221 -34.60150529846327
POSCAR_a-3.8000000000000003_b-4.4_c-11.vasp
No dtype selected, switching to float32 to match model dtype.
***Total Energy from MACE: 3.8000000000000003 4.4 11.142221 -35.560694990083945
POSCAR_a-3.8000000000000003_b-4.05_c-11.vasp
No dtype selected, switching to float32 to match model dtype.
***Total Energy from MACE: 3.8000000000000003 4.05 11.142221 -35.17849725087013
POSCAR_a-4.75_b-4.2_c-11.vasp
No dtype selected, switching to float32 to match model dtype.
***Total Energy from MACE: 4.75 4.2 11.142221 -34.76354196405594
POSCAR_a-4.2_b-4.05_c-11.vasp
No dtype selected, switching to float32 to match model dtype.
***Total Energy from MACE: 4.2 4.05 11.142221 -35.53488713406514
POSCAR_a-4.1_b-4.7_c-11.vasp
No dtype selected, switching to float32 to match model dtype.
***Total Energy from MACE: 4.1 4.7 11.142221 -35.08048224418495
POSCAR_a-3.9_b-4.55_c-11.vasp
No dtype selected, switching to float32 to match model dtype.
***Total Energy from MACE: 3.9 4.55 11.142221 -35.50088792016449
POSCAR_a-4.6499999999999995_b-4.6_c-11.vasp
No dtype selected, switching to float32 to match model dtype.
***Total Energy from MACE: 4.6499999999999995 4.6 11.142221 -34.008263260312084
POSCAR_a-3.75_b-4.25_c-11.vasp
No dtype selected, switching to float32 to match model dtype.
***Total Energy from MACE: 3.75 4.25 11.142221 -35.36039148559329
POSCAR_a-4.35_b-4.75_c-11.vasp
No dtype selected, switching to float32 to match model dtype.
***Total Energy from MACE: 4.35 4.75 11.142221 -34.474293356456535
POSCAR_a-4.2_b-4.5_c-11.vasp
No dtype selected, switching to float32 to match model dtype.
***Total Energy from MACE: 4.2 4.5 11.142221 -35.10955933786535
POSCAR_a-4.45_b-4.35_c-11.vasp
No dtype selected, switching to float32 to match model dtype.
***Total Energy from MACE: 4.45 4.35 11.142221 -34.844071870171994
POSCAR_a-3.85_b-3.85_c-11.vasp
No dtype selected, switching to float32 to match model dtype.
***Total Energy from MACE: 3.85 3.85 11.142221 -34.887620916250114
POSCAR_a-4.8_b-4.8_c-11.vasp
No dtype selected, switching to float32 to match model dtype.
***Total Energy from MACE: 4.8 4.8 11.142221 -30.53779482509308
POSCAR_a-3.85_b-4.1_c-11.vasp
No dtype selected, switching to float32 to match model dtype.
***Total Energy from MACE: 3.85 4.1 11.142221 -35.31693476109553
POSCAR_a-4.4_b-4.25_c-11.vasp
No dtype selected, switching to float32 to match model dtype.
***Total Energy from MACE: 4.4 4.25 11.142221 -35.12914140628469
POSCAR_a-3.7_b-4.55_c-11.vasp
No dtype selected, switching to float32 to match model dtype.
***Total Energy from MACE: 3.7 4.55 11.142221 -35.51184623518389
POSCAR_a-3.7_b-4.45_c-11.vasp
No dtype selected, switching to float32 to match model dtype.
***Total Energy from MACE: 3.7 4.45 11.142221 -35.483477961716986
POSCAR_a-4.8_b-4.15_c-11.vasp
No dtype selected, switching to float32 to match model dtype.
***Total Energy from MACE: 4.8 4.15 11.142221 -34.92312858800993
POSCAR_a-4.55_b-4.1_c-11.vasp
No dtype selected, switching to float32 to match model dtype.
***Total Energy from MACE: 4.55 4.1 11.142221 -35.23684022383592
POSCAR_a-4.05_b-3.75_c-11.vasp
No dtype selected, switching to float32 to match model dtype.
***Total Energy from MACE: 4.05 3.75 11.142221 -35.0820289282721
POSCAR_a-4.6_b-4.2_c-11.vasp
No dtype selected, switching to float32 to match model dtype.
***Total Energy from MACE: 4.6 4.2 11.142221 -34.995450061092896
POSCAR_a-4.7_b-4.35_c-11.vasp
No dtype selected, switching to float32 to match model dtype.
***Total Energy from MACE: 4.7 4.35 11.142221 -34.50790844251883
POSCAR_a-3.85_b-4.05_c-11.vasp
No dtype selected, switching to float32 to match model dtype.
***Total Energy from MACE: 3.85 4.05 11.142221 -35.25354581782778
POSCAR_a-3.7_b-3.7_c-11.vasp
No dtype selected, switching to float32 to match model dtype.
***Total Energy from MACE: 3.7 3.7 11.142221 -34.29866005028997
POSCAR_a-4.75_b-4.1_c-11.vasp
No dtype selected, switching to float32 to match model dtype.
***Total Energy from MACE: 4.75 4.1 11.142221 -35.03914491931991
POSCAR_a-3.8000000000000003_b-4.1_c-11.vasp
No dtype selected, switching to float32 to match model dtype.
***Total Energy from MACE: 3.8000000000000003 4.1 11.142221 -35.250088982515564
POSCAR_a-3.7_b-4.7_c-11.vasp
No dtype selected, switching to float32 to match model dtype.
***Total Energy from MACE: 3.7 4.7 11.142221 -35.461059139270844
POSCAR_a-4.0_b-4.0_c-11.vasp
No dtype selected, switching to float32 to match model dtype.
***Total Energy from MACE: 4.0 4.0 11.142221 -35.3159177093984
POSCAR_a-4.6499999999999995_b-3.7_c-11.vasp
No dtype selected, switching to float32 to match model dtype.
***Total Energy from MACE: 4.6499999999999995 3.7 11.142221 -35.488691111556456
POSCAR_a-3.75_b-3.9_c-11.vasp
No dtype selected, switching to float32 to match model dtype.
***Total Energy from MACE: 3.75 3.9 11.142221 -34.43943902189655
POSCAR_a-4.7_b-4.5_c-11.vasp
No dtype selected, switching to float32 to match model dtype.
***Total Energy from MACE: 4.7 4.5 11.142221 -34.19579768142432
POSCAR_a-3.85_b-4.6_c-11.vasp
No dtype selected, switching to float32 to match model dtype.
***Total Energy from MACE: 3.85 4.6 11.142221 -35.5002535855345
POSCAR_a-4.25_b-4.15_c-11.vasp
No dtype selected, switching to float32 to match model dtype.
***Total Energy from MACE: 4.25 4.15 11.142221 -35.43824144824703
POSCAR_a-3.95_b-4.3_c-11.vasp
No dtype selected, switching to float32 to match model dtype.
***Total Energy from MACE: 3.95 4.3 11.142221 -35.57102560787415
POSCAR_a-4.6_b-4.5_c-11.vasp
No dtype selected, switching to float32 to match model dtype.
***Total Energy from MACE: 4.6 4.5 11.142221 -34.25781651281672
POSCAR_a-4.1_b-4.55_c-11.vasp
No dtype selected, switching to float32 to match model dtype.
***Total Energy from MACE: 4.1 4.55 11.142221 -35.236843407574106
POSCAR_a-4.75_b-4.7_c-11.vasp
No dtype selected, switching to float32 to match model dtype.
***Total Energy from MACE: 4.75 4.7 11.142221 -31.33950916515058
POSCAR_a-4.55_b-4.6_c-11.vasp
No dtype selected, switching to float32 to match model dtype.
***Total Energy from MACE: 4.55 4.6 11.142221 -34.14778660722447
POSCAR_a-3.75_b-4.6_c-11.vasp
No dtype selected, switching to float32 to match model dtype.
***Total Energy from MACE: 3.75 4.6 11.142221 -35.527658494287046
POSCAR_a-3.95_b-4.6499999999999995_c-11.vasp
No dtype selected, switching to float32 to match model dtype.
***Total Energy from MACE: 3.95 4.6499999999999995 11.142221 -35.35440761544994
POSCAR_a-4.45_b-3.9_c-11.vasp
No dtype selected, switching to float32 to match model dtype.
***Total Energy from MACE: 4.45 3.9 11.142221 -35.56152016532081
POSCAR_a-3.8000000000000003_b-4.5_c-11.vasp
No dtype selected, switching to float32 to match model dtype.
***Total Energy from MACE: 3.8000000000000003 4.5 11.142221 -35.567927143443775
POSCAR_a-4.7_b-3.85_c-11.vasp
No dtype selected, switching to float32 to match model dtype.
***Total Energy from MACE: 4.7 3.85 11.142221 -35.413374816357354
POSCAR_a-3.9_b-4.3_c-11.vasp
No dtype selected, switching to float32 to match model dtype.
***Total Energy from MACE: 3.9 4.3 11.142221 -35.56905779886263
POSCAR_a-3.85_b-4.25_c-11.vasp
No dtype selected, switching to float32 to match model dtype.
***Total Energy from MACE: 3.85 4.25 11.142221 -35.503295280888075
POSCAR_a-4.7_b-4.2_c-11.vasp
No dtype selected, switching to float32 to match model dtype.
***Total Energy from MACE: 4.7 4.2 11.142221 -34.903359657694565
POSCAR_a-4.1_b-4.45_c-11.vasp
No dtype selected, switching to float32 to match model dtype.
***Total Energy from MACE: 4.1 4.45 11.142221 -35.34550056216772
POSCAR_a-4.45_b-4.4_c-11.vasp
No dtype selected, switching to float32 to match model dtype.
***Total Energy from MACE: 4.45 4.4 11.142221 -34.646286931211186
POSCAR_a-3.7_b-3.8000000000000003_c-11.vasp
No dtype selected, switching to float32 to match model dtype.
***Total Energy from MACE: 3.7 3.8000000000000003 11.142221 -34.4672699113145
POSCAR_a-3.8000000000000003_b-4.6499999999999995_c-11.vasp
No dtype selected, switching to float32 to match model dtype.
***Total Energy from MACE: 3.8000000000000003 4.6499999999999995 11.142221 -35.48927046535375
POSCAR_a-4.25_b-3.7_c-11.vasp
No dtype selected, switching to float32 to match model dtype.
***Total Energy from MACE: 4.25 3.7 11.142221 -35.27655125588295
POSCAR_a-4.6_b-4.15_c-11.vasp
No dtype selected, switching to float32 to match model dtype.
***Total Energy from MACE: 4.6 4.15 11.142221 -35.091188361755755
POSCAR_a-4.4_b-4.7_c-11.vasp
No dtype selected, switching to float32 to match model dtype.
***Total Energy from MACE: 4.4 4.7 11.142221 -34.405280079830334
POSCAR_a-4.6_b-4.55_c-11.vasp
No dtype selected, switching to float32 to match model dtype.
***Total Energy from MACE: 4.6 4.55 11.142221 -34.14778153028887
POSCAR_a-4.15_b-3.95_c-11.vasp
No dtype selected, switching to float32 to match model dtype.
***Total Energy from MACE: 4.15 3.95 11.142221 -35.48531866447306
POSCAR_a-4.4_b-4.6499999999999995_c-11.vasp
No dtype selected, switching to float32 to match model dtype.
***Total Energy from MACE: 4.4 4.6499999999999995 11.142221 -34.439531429174465
POSCAR_a-4.55_b-4.6499999999999995_c-11.vasp
No dtype selected, switching to float32 to match model dtype.
***Total Energy from MACE: 4.55 4.6499999999999995 11.142221 -34.117868032767
POSCAR_a-4.6_b-4.3_c-11.vasp
No dtype selected, switching to float32 to match model dtype.
***Total Energy from MACE: 4.6 4.3 11.142221 -34.698228456834855
POSCAR_a-4.75_b-4.8_c-11.vasp
No dtype selected, switching to float32 to match model dtype.
***Total Energy from MACE: 4.75 4.8 11.142221 -33.57290733541345
POSCAR_a-4.6_b-3.85_c-11.vasp
No dtype selected, switching to float32 to match model dtype.
***Total Energy from MACE: 4.6 3.85 11.142221 -35.500260926963705
POSCAR_a-3.95_b-4.0_c-11.vasp
No dtype selected, switching to float32 to match model dtype.
***Total Energy from MACE: 3.95 4.0 11.142221 -35.29939216467832
POSCAR_a-4.2_b-4.15_c-11.vasp
No dtype selected, switching to float32 to match model dtype.
***Total Energy from MACE: 4.2 4.15 11.142221 -35.46298584300722
POSCAR_a-4.15_b-3.7_c-11.vasp
No dtype selected, switching to float32 to match model dtype.
***Total Energy from MACE: 4.15 3.7 11.142221 -35.146707626927096
POSCAR_a-4.05_b-4.8_c-11.vasp
No dtype selected, switching to float32 to match model dtype.
***Total Energy from MACE: 4.05 4.8 11.142221 -35.079737551126414
POSCAR_a-4.6_b-4.75_c-11.vasp
No dtype selected, switching to float32 to match model dtype.
***Total Energy from MACE: 4.6 4.75 11.142221 -33.94763102019011
POSCAR_a-4.75_b-3.8000000000000003_c-11.vasp
No dtype selected, switching to float32 to match model dtype.
***Total Energy from MACE: 4.75 3.8000000000000003 11.142221 -35.40409745941181
POSCAR_a-4.3_b-4.2_c-11.vasp
No dtype selected, switching to float32 to match model dtype.
***Total Energy from MACE: 4.3 4.2 11.142221 -35.328566859573094
POSCAR_a-4.4_b-3.75_c-11.vasp
No dtype selected, switching to float32 to match model dtype.
***Total Energy from MACE: 4.4 3.75 11.142221 -35.51800147919441
POSCAR_a-4.4_b-4.45_c-11.vasp
No dtype selected, switching to float32 to match model dtype.
***Total Energy from MACE: 4.4 4.45 11.142221 -34.64600159368044
POSCAR_a-4.55_b-4.8_c-11.vasp
No dtype selected, switching to float32 to match model dtype.
***Total Energy from MACE: 4.55 4.8 11.142221 -34.02605199825674
POSCAR_a-3.7_b-4.6_c-11.vasp
No dtype selected, switching to float32 to match model dtype.
***Total Energy from MACE: 3.7 4.6 11.142221 -35.50679840183496
POSCAR_a-4.2_b-3.75_c-11.vasp
No dtype selected, switching to float32 to match model dtype.
***Total Energy from MACE: 4.2 3.75 11.142221 -35.290157128829236
POSCAR_a-4.15_b-4.8_c-11.vasp
No dtype selected, switching to float32 to match model dtype.
***Total Energy from MACE: 4.15 4.8 11.142221 -34.923131083787524
POSCAR_a-4.45_b-3.7_c-11.vasp
No dtype selected, switching to float32 to match model dtype.
***Total Energy from MACE: 4.45 3.7 11.142221 -35.48347864601191
POSCAR_a-4.7_b-3.75_c-11.vasp
No dtype selected, switching to float32 to match model dtype.
***Total Energy from MACE: 4.7 3.75 11.142221 -35.46535140364928
POSCAR_a-4.55_b-4.2_c-11.vasp
No dtype selected, switching to float32 to match model dtype.
***Total Energy from MACE: 4.55 4.2 11.142221 -35.05053459360793
POSCAR_a-4.3_b-3.85_c-11.vasp
No dtype selected, switching to float32 to match model dtype.
***Total Energy from MACE: 4.3 3.85 11.142221 -35.545217874107685
POSCAR_a-4.15_b-3.85_c-11.vasp
No dtype selected, switching to float32 to match model dtype.
***Total Energy from MACE: 4.15 3.85 11.142221 -35.378082533457324
POSCAR_a-4.55_b-4.7_c-11.vasp
No dtype selected, switching to float32 to match model dtype.
***Total Energy from MACE: 4.55 4.7 11.142221 -34.088203813820314
POSCAR_a-4.7_b-4.55_c-11.vasp
No dtype selected, switching to float32 to match model dtype.
***Total Energy from MACE: 4.7 4.55 11.142221 -34.08819991397035
POSCAR_a-4.6_b-3.95_c-11.vasp
No dtype selected, switching to float32 to match model dtype.
***Total Energy from MACE: 4.6 3.95 11.142221 -35.404503290597205
POSCAR_a-3.85_b-3.9_c-11.vasp
No dtype selected, switching to float32 to match model dtype.
***Total Energy from MACE: 3.85 3.9 11.142221 -34.99925171093782
POSCAR_a-4.3_b-4.35_c-11.vasp
No dtype selected, switching to float32 to match model dtype.
***Total Energy from MACE: 4.3 4.35 11.142221 -34.60149809527162
POSCAR_a-3.95_b-3.75_c-11.vasp
No dtype selected, switching to float32 to match model dtype.
***Total Energy from MACE: 3.95 3.75 11.142221 -34.650992951454555
POSCAR_a-4.5_b-4.55_c-11.vasp
No dtype selected, switching to float32 to match model dtype.
***Total Energy from MACE: 4.5 4.55 11.142221 -34.29342743755553
POSCAR_a-4.8_b-3.9_c-11.vasp
No dtype selected, switching to float32 to match model dtype.
***Total Energy from MACE: 4.8 3.9 11.142221 -35.27358440076016
POSCAR_a-4.2_b-4.75_c-11.vasp
No dtype selected, switching to float32 to match model dtype.
***Total Energy from MACE: 4.2 4.75 11.142221 -34.763540222421355
POSCAR_a-4.4_b-4.6_c-11.vasp
No dtype selected, switching to float32 to match model dtype.
***Total Energy from MACE: 4.4 4.6 11.142221 -34.47893825102333
POSCAR_a-4.1_b-4.4_c-11.vasp
No dtype selected, switching to float32 to match model dtype.
***Total Energy from MACE: 4.1 4.4 11.142221 -35.39342037785666
POSCAR_a-4.1_b-4.5_c-11.vasp
No dtype selected, switching to float32 to match model dtype.
***Total Energy from MACE: 4.1 4.5 11.142221 -35.2925923146858
POSCAR_a-4.6499999999999995_b-4.25_c-11.vasp
No dtype selected, switching to float32 to match model dtype.
***Total Energy from MACE: 4.6499999999999995 4.25 11.142221 -34.84916199914522
POSCAR_a-4.45_b-4.0_c-11.vasp
No dtype selected, switching to float32 to match model dtype.
***Total Energy from MACE: 4.45 4.0 11.142221 -35.479342023653984
POSCAR_a-4.5_b-3.75_c-11.vasp
No dtype selected, switching to float32 to match model dtype.
***Total Energy from MACE: 4.5 3.75 11.142221 -35.55072436706152
POSCAR_a-4.8_b-3.8000000000000003_c-11.vasp
No dtype selected, switching to float32 to match model dtype.
***Total Energy from MACE: 4.8 3.8000000000000003 11.142221 -35.359974012512495
POSCAR_a-4.25_b-4.7_c-11.vasp
No dtype selected, switching to float32 to match model dtype.
***Total Energy from MACE: 4.25 4.7 11.142221 -34.81040849729732
POSCAR_a-4.8_b-4.4_c-11.vasp
No dtype selected, switching to float32 to match model dtype.
***Total Energy from MACE: 4.8 4.4 11.142221 -34.34241854005444
POSCAR_a-3.75_b-4.5_c-11.vasp
No dtype selected, switching to float32 to match model dtype.
***Total Energy from MACE: 3.75 4.5 11.142221 -35.55073234508427
POSCAR_a-4.55_b-4.35_c-11.vasp
No dtype selected, switching to float32 to match model dtype.
***Total Energy from MACE: 4.55 4.35 11.142221 -34.730027470551214
POSCAR_a-4.55_b-3.95_c-11.vasp
No dtype selected, switching to float32 to match model dtype.
***Total Energy from MACE: 4.55 3.95 11.142221 -35.45164831659372
POSCAR_a-4.35_b-3.7_c-11.vasp
No dtype selected, switching to float32 to match model dtype.
***Total Energy from MACE: 4.35 3.7 11.142221 -35.397320081267765
POSCAR_a-4.5_b-4.5_c-11.vasp
No dtype selected, switching to float32 to match model dtype.
***Total Energy from MACE: 4.5 4.5 11.142221 -33.45691549754104
